| 2023-09-13 15:53:41 |  INFO |  | Starting RestaurantServiceApplication using Java 11.0.18 on AAVN-WS-380 with PID 416 (D:\Program Files (x86)\JetBrains\IdeaProjects\YummyBites\restaurant-service\build\classes\java\main started by dhbinh in D:\Program Files (x86)\JetBrains\IdeaProjects\YummyBites)
| 2023-09-13 15:53:41 | DEBUG |  | Running with Spring Boot v2.7.14, Spring v5.3.29
| 2023-09-13 15:53:41 |  INFO |  | No active profile set, falling back to 1 default profile: "default"
| 2023-09-13 15:54:00 | DEBUG |  | Filter 'authenticationJwtTokenFilter' configured for use
| 2023-09-13 15:54:13 |  INFO |  | Started RestaurantServiceApplication in 32.941 seconds (JVM running for 34.599)
| 2023-09-13 15:54:38 |  INFO |  | Starting RestaurantServiceApplication using Java 11.0.18 on AAVN-WS-380 with PID 11384 (D:\Program Files (x86)\JetBrains\IdeaProjects\YummyBites\restaurant-service\build\classes\java\main started by dhbinh in D:\Program Files (x86)\JetBrains\IdeaProjects\YummyBites)
| 2023-09-13 15:54:38 | DEBUG |  | Running with Spring Boot v2.7.14, Spring v5.3.29
| 2023-09-13 15:54:38 |  INFO |  | No active profile set, falling back to 1 default profile: "default"
| 2023-09-13 15:54:53 | DEBUG |  | Filter 'authenticationJwtTokenFilter' configured for use
| 2023-09-13 15:54:57 |  INFO |  | Started RestaurantServiceApplication in 18.913 seconds (JVM running for 20.235)
| 2023-09-13 16:01:22 |  INFO |  | Starting RestaurantServiceApplication using Java 11.0.18 on AAVN-WS-380 with PID 11856 (D:\Program Files (x86)\JetBrains\IdeaProjects\YummyBites\restaurant-service\build\classes\java\main started by dhbinh in D:\Program Files (x86)\JetBrains\IdeaProjects\YummyBites)
| 2023-09-13 16:01:22 | DEBUG |  | Running with Spring Boot v2.7.14, Spring v5.3.29
| 2023-09-13 16:01:22 |  INFO |  | No active profile set, falling back to 1 default profile: "default"
| 2023-09-13 16:01:38 | DEBUG |  | Filter 'authenticationJwtTokenFilter' configured for use
| 2023-09-13 16:01:40 |  INFO |  | Started RestaurantServiceApplication in 18.812 seconds (JVM running for 21.183)
| 2023-09-13 16:03:54 | ERROR |  | JWT token is expired: JWT expired at 2023-09-12T23:41:14Z. Current time: 2023-09-13T16:03:54Z, a difference of 58960016 milliseconds.  Allowed clock skew: 0 milliseconds.
| 2023-09-13 16:04:29 |  INFO |  | Starting RestaurantServiceApplication using Java 11.0.18 on AAVN-WS-380 with PID 22004 (D:\Program Files (x86)\JetBrains\IdeaProjects\YummyBites\restaurant-service\build\classes\java\main started by dhbinh in D:\Program Files (x86)\JetBrains\IdeaProjects\YummyBites)
| 2023-09-13 16:04:29 | DEBUG |  | Running with Spring Boot v2.7.14, Spring v5.3.29
| 2023-09-13 16:04:29 |  INFO |  | No active profile set, falling back to 1 default profile: "default"
| 2023-09-13 16:04:35 | DEBUG |  | Filter 'authenticationJwtTokenFilter' configured for use
| 2023-09-13 16:04:37 |  INFO |  | Started RestaurantServiceApplication in 8.627 seconds (JVM running for 9.428)
| 2023-09-13 16:04:53 | ERROR |  | JWT token is expired: JWT expired at 2023-09-12T23:41:14Z. Current time: 2023-09-13T16:04:53Z, a difference of 59019791 milliseconds.  Allowed clock skew: 0 milliseconds.
| 2023-09-13 16:04:53 |  WARN |  | org.springframework.web.method.annotation.RequestParamMethodArgumentResolver:218 - The parameter for customerPhone is missing
| 2023-09-13 16:05:19 | ERROR |  | JWT token is expired: JWT expired at 2023-09-12T23:41:14Z. Current time: 2023-09-13T16:05:19Z, a difference of 59045078 milliseconds.  Allowed clock skew: 0 milliseconds.
| 2023-09-13 16:05:54 | ERROR |  | JWT token is expired: JWT expired at 2023-09-12T23:41:14Z. Current time: 2023-09-13T16:05:54Z, a difference of 59080060 milliseconds.  Allowed clock skew: 0 milliseconds.
| 2023-09-13 16:06:19 | ERROR |  | JWT token is expired: JWT expired at 2023-09-12T23:41:14Z. Current time: 2023-09-13T16:06:19Z, a difference of 59105437 milliseconds.  Allowed clock skew: 0 milliseconds.
| 2023-09-13 16:07:34 |  INFO |  | Starting RestaurantServiceApplication using Java 11.0.18 on AAVN-WS-380 with PID 6104 (D:\Program Files (x86)\JetBrains\IdeaProjects\YummyBites\restaurant-service\build\classes\java\main started by dhbinh in D:\Program Files (x86)\JetBrains\IdeaProjects\YummyBites)
| 2023-09-13 16:07:34 | DEBUG |  | Running with Spring Boot v2.7.14, Spring v5.3.29
| 2023-09-13 16:07:34 |  INFO |  | No active profile set, falling back to 1 default profile: "default"
| 2023-09-13 16:07:43 | DEBUG |  | Filter 'authenticationJwtTokenFilter' configured for use
| 2023-09-13 16:07:45 |  INFO |  | Started RestaurantServiceApplication in 12.26 seconds (JVM running for 13.429)
| 2023-09-13 16:07:58 | ERROR |  | JWT token is expired: JWT expired at 2023-09-12T23:41:14Z. Current time: 2023-09-13T16:07:58Z, a difference of 59204649 milliseconds.  Allowed clock skew: 0 milliseconds.
| 2023-09-13 16:08:07 | ERROR |  | JWT token is expired: JWT expired at 2023-09-12T23:41:14Z. Current time: 2023-09-13T16:08:07Z, a difference of 59213637 milliseconds.  Allowed clock skew: 0 milliseconds.
| 2023-09-13 16:08:37 |  INFO |  | Starting RestaurantServiceApplication using Java 11.0.18 on AAVN-WS-380 with PID 788 (D:\Program Files (x86)\JetBrains\IdeaProjects\YummyBites\restaurant-service\build\classes\java\main started by dhbinh in D:\Program Files (x86)\JetBrains\IdeaProjects\YummyBites)
| 2023-09-13 16:08:37 | DEBUG |  | Running with Spring Boot v2.7.14, Spring v5.3.29
| 2023-09-13 16:08:37 |  INFO |  | No active profile set, falling back to 1 default profile: "default"
| 2023-09-13 16:08:44 | DEBUG |  | Filter 'authenticationJwtTokenFilter' configured for use
| 2023-09-13 16:08:46 |  INFO |  | Started RestaurantServiceApplication in 10.301 seconds (JVM running for 11.242)
| 2023-09-13 16:08:55 | ERROR |  | JWT token is expired: JWT expired at 2023-09-12T23:41:14Z. Current time: 2023-09-13T16:08:55Z, a difference of 59261582 milliseconds.  Allowed clock skew: 0 milliseconds.
| 2023-09-13 16:10:05 | ERROR |  | JWT token is expired: JWT expired at 2023-09-12T23:41:14Z. Current time: 2023-09-13T16:10:05Z, a difference of 59331921 milliseconds.  Allowed clock skew: 0 milliseconds.
| 2023-09-13 16:10:07 | ERROR |  | JWT token is expired: JWT expired at 2023-09-12T23:41:14Z. Current time: 2023-09-13T16:10:07Z, a difference of 59333434 milliseconds.  Allowed clock skew: 0 milliseconds.
| 2023-09-13 16:10:53 | ERROR |  | JWT token is expired: JWT expired at 2023-09-12T23:41:14Z. Current time: 2023-09-13T16:10:53Z, a difference of 59379420 milliseconds.  Allowed clock skew: 0 milliseconds.
