| 2023-08-14 00:00:45 |  INFO |  | Starting YummybitesApplication using Java 11.0.17 on DESKTOP-HJRVAG0 with PID 6928 (D:\Code\YummyBites\build\classes\java\main started by hoabi in D:\Code\YummyBites)
| 2023-08-14 00:00:45 |  INFO |  | No active profile set, falling back to 1 default profile: "default"
| 2023-08-14 00:01:06 |  INFO |  | Starting YummybitesApplication using Java 11.0.17 on DESKTOP-HJRVAG0 with PID 15964 (D:\Code\YummyBites\build\classes\java\main started by hoabi in D:\Code\YummyBites)
| 2023-08-14 00:01:06 |  INFO |  | No active profile set, falling back to 1 default profile: "default"
| 2023-08-14 00:01:17 |  INFO |  | Started YummybitesApplication in 12.254 seconds (JVM running for 13.616)
| 2023-08-14 00:05:58 |  INFO |  | Starting YummybitesApplication using Java 11.0.17 on DESKTOP-HJRVAG0 with PID 1984 (D:\Code\YummyBites\build\classes\java\main started by hoabi in D:\Code\YummyBites)
| 2023-08-14 00:05:58 |  INFO |  | No active profile set, falling back to 1 default profile: "default"
| 2023-08-14 00:06:08 |  INFO |  | Started YummybitesApplication in 10.836 seconds (JVM running for 11.742)
| 2023-08-14 00:06:22 | ERROR |  | JWT token is expired: JWT expired at 2023-08-13T04:10:34Z. Current time: 2023-08-14T00:06:22Z, a difference of 71748628 milliseconds.  Allowed clock skew: 0 milliseconds.
| 2023-08-14 00:06:22 | ERROR |  | Unauthorized error: Full authentication is required to access this resource
| 2023-08-14 00:06:30 | ERROR |  | JWT token is expired: JWT expired at 2023-08-13T04:10:34Z. Current time: 2023-08-14T00:06:30Z, a difference of 71756096 milliseconds.  Allowed clock skew: 0 milliseconds.
| 2023-08-14 00:06:30 | ERROR |  | Unauthorized error: Full authentication is required to access this resource
| 2023-08-14 00:06:45 |  INFO | hoabinh0911 | Create order detail[com.dhbinh.yummybites.orderdetail.service.dto.OrderDetailDTO@586c5e7, com.dhbinh.yummybites.orderdetail.service.dto.OrderDetailDTO@793d3f2]
| 2023-08-14 00:06:45 |  INFO | hoabinh0911 | Order detail DTO com.dhbinh.yummybites.orderdetail.service.dto.OrderDetailDTO@586c5e7
| 2023-08-14 00:06:45 |  INFO | hoabinh0911 | Order detail DTO com.dhbinh.yummybites.orderdetail.service.dto.OrderDetailDTO@793d3f2
| 2023-08-14 00:06:51 | ERROR |  | JWT token is expired: JWT expired at 2023-08-13T04:17:00Z. Current time: 2023-08-14T00:06:51Z, a difference of 71391874 milliseconds.  Allowed clock skew: 0 milliseconds.
| 2023-08-14 00:06:51 | ERROR |  | Unauthorized error: Full authentication is required to access this resource
| 2023-08-14 00:12:38 |  INFO |  | Starting YummybitesApplication using Java 11.0.17 on DESKTOP-HJRVAG0 with PID 8936 (D:\Code\YummyBites\build\classes\java\main started by hoabi in D:\Code\YummyBites)
| 2023-08-14 00:12:38 |  INFO |  | No active profile set, falling back to 1 default profile: "default"
| 2023-08-14 00:12:53 |  INFO |  | Started YummybitesApplication in 15.878 seconds (JVM running for 17.043)
| 2023-08-14 00:13:03 |  INFO |  | Starting YummybitesApplication using Java 11.0.17 on DESKTOP-HJRVAG0 with PID 12920 (D:\Code\YummyBites\build\classes\java\main started by hoabi in D:\Code\YummyBites)
| 2023-08-14 00:13:03 |  INFO |  | No active profile set, falling back to 1 default profile: "default"
| 2023-08-14 00:13:14 |  INFO |  | Started YummybitesApplication in 12.446 seconds (JVM running for 13.735)
| 2023-08-14 00:23:47 |  INFO |  | Starting YummybitesApplication using Java 11.0.17 on DESKTOP-HJRVAG0 with PID 14972 (D:\Code\YummyBites\build\classes\java\main started by hoabi in D:\Code\YummyBites)
| 2023-08-14 00:23:47 |  INFO |  | No active profile set, falling back to 1 default profile: "default"
| 2023-08-14 00:23:54 | ERROR |  | Failed to initialize JPA EntityManagerFactory: @OneToOne or @ManyToOne on com.dhbinh.yummybites.billdetail.entity.BillDetail.ingredient references an unknown entity: java.lang.String
| 2023-08-14 00:23:54 | ERROR |  | Error starting Tomcat context. Exception: org.springframework.beans.factory.UnsatisfiedDependencyException. Message: Error creating bean with name 'webSecurityConfig' defined in file [D:\Code\YummyBites\build\classes\java\main\com\dhbinh\yummybites\base\security\config\WebSecurityConfig.class]: Unsatisfied dependency expressed through constructor parameter 0; nested exception is org.springframework.beans.factory.UnsatisfiedDependencyException: Error creating bean with name 'userDetailsServiceImpl' defined in file [D:\Code\YummyBites\build\classes\java\main\com\dhbinh\yummybites\base\security\service\UserDetailsServiceImpl.class]: Unsatisfied dependency expressed through constructor parameter 0; nested exception is org.springframework.beans.factory.BeanCreationException: Error creating bean with name 'userRepository' defined in com.dhbinh.yummybites.base.security.repository.UserRepository defined in @EnableJpaRepositories declared on JpaRepositoriesRegistrar.EnableJpaRepositoriesConfiguration: Cannot create inner bean '(inner bean)#5fbb74aa' of type [org.springframework.orm.jpa.SharedEntityManagerCreator] while setting bean property 'entityManager'; nested exception is org.springframework.beans.factory.BeanCreationException: Error creating bean with name '(inner bean)#5fbb74aa': Cannot resolve reference to bean 'entityManagerFactory' while setting constructor argument; nested exception is org.springframework.beans.factory.BeanCreationException: Error creating bean with name 'entityManagerFactory' defined in class path resource [org/springframework/boot/autoconfigure/orm/jpa/HibernateJpaConfiguration.class]: Invocation of init method failed; nested exception is org.hibernate.AnnotationException: @OneToOne or @ManyToOne on com.dhbinh.yummybites.billdetail.entity.BillDetail.ingredient references an unknown entity: java.lang.String
| 2023-08-14 00:23:54 | ERROR |  | Application run failed
org.springframework.context.ApplicationContextException: Unable to start web server; nested exception is org.springframework.boot.web.server.WebServerException: Unable to start embedded Tomcat
	at org.springframework.boot.web.servlet.context.ServletWebServerApplicationContext.onRefresh(ServletWebServerApplicationContext.java:165)
	at org.springframework.context.support.AbstractApplicationContext.refresh(AbstractApplicationContext.java:577)
	at org.springframework.boot.web.servlet.context.ServletWebServerApplicationContext.refresh(ServletWebServerApplicationContext.java:147)
	at org.springframework.boot.SpringApplication.refresh(SpringApplication.java:731)
	at org.springframework.boot.SpringApplication.refreshContext(SpringApplication.java:408)
	at org.springframework.boot.SpringApplication.run(SpringApplication.java:307)
	at org.springframework.boot.SpringApplication.run(SpringApplication.java:1303)
	at org.springframework.boot.SpringApplication.run(SpringApplication.java:1292)
	at com.dhbinh.yummybites.YummybitesApplication.main(YummybitesApplication.java:13)
	at java.base/jdk.internal.reflect.NativeMethodAccessorImpl.invoke0(Native Method)
	at java.base/jdk.internal.reflect.NativeMethodAccessorImpl.invoke(NativeMethodAccessorImpl.java:62)
	at java.base/jdk.internal.reflect.DelegatingMethodAccessorImpl.invoke(DelegatingMethodAccessorImpl.java:43)
	at java.base/java.lang.reflect.Method.invoke(Method.java:566)
	at org.springframework.boot.devtools.restart.RestartLauncher.run(RestartLauncher.java:50)
Caused by: org.springframework.boot.web.server.WebServerException: Unable to start embedded Tomcat
	at org.springframework.boot.web.embedded.tomcat.TomcatWebServer.initialize(TomcatWebServer.java:142)
	at org.springframework.boot.web.embedded.tomcat.TomcatWebServer.<init>(TomcatWebServer.java:104)
	at org.springframework.boot.web.embedded.tomcat.TomcatServletWebServerFactory.getTomcatWebServer(TomcatServletWebServerFactory.java:481)
	at org.springframework.boot.web.embedded.tomcat.TomcatServletWebServerFactory.getWebServer(TomcatServletWebServerFactory.java:211)
	at org.springframework.boot.web.servlet.context.ServletWebServerApplicationContext.createWebServer(ServletWebServerApplicationContext.java:184)
	at org.springframework.boot.web.servlet.context.ServletWebServerApplicationContext.onRefresh(ServletWebServerApplicationContext.java:162)
	... 13 common frames omitted
Caused by: org.springframework.beans.factory.UnsatisfiedDependencyException: Error creating bean with name 'webSecurityConfig' defined in file [D:\Code\YummyBites\build\classes\java\main\com\dhbinh\yummybites\base\security\config\WebSecurityConfig.class]: Unsatisfied dependency expressed through constructor parameter 0; nested exception is org.springframework.beans.factory.UnsatisfiedDependencyException: Error creating bean with name 'userDetailsServiceImpl' defined in file [D:\Code\YummyBites\build\classes\java\main\com\dhbinh\yummybites\base\security\service\UserDetailsServiceImpl.class]: Unsatisfied dependency expressed through constructor parameter 0; nested exception is org.springframework.beans.factory.BeanCreationException: Error creating bean with name 'userRepository' defined in com.dhbinh.yummybites.base.security.repository.UserRepository defined in @EnableJpaRepositories declared on JpaRepositoriesRegistrar.EnableJpaRepositoriesConfiguration: Cannot create inner bean '(inner bean)#5fbb74aa' of type [org.springframework.orm.jpa.SharedEntityManagerCreator] while setting bean property 'entityManager'; nested exception is org.springframework.beans.factory.BeanCreationException: Error creating bean with name '(inner bean)#5fbb74aa': Cannot resolve reference to bean 'entityManagerFactory' while setting constructor argument; nested exception is org.springframework.beans.factory.BeanCreationException: Error creating bean with name 'entityManagerFactory' defined in class path resource [org/springframework/boot/autoconfigure/orm/jpa/HibernateJpaConfiguration.class]: Invocation of init method failed; nested exception is org.hibernate.AnnotationException: @OneToOne or @ManyToOne on com.dhbinh.yummybites.billdetail.entity.BillDetail.ingredient references an unknown entity: java.lang.String
	at org.springframework.beans.factory.support.ConstructorResolver.createArgumentArray(ConstructorResolver.java:800)
	at org.springframework.beans.factory.support.ConstructorResolver.autowireConstructor(ConstructorResolver.java:229)
	at org.springframework.beans.factory.support.AbstractAutowireCapableBeanFactory.autowireConstructor(AbstractAutowireCapableBeanFactory.java:1372)
	at org.springframework.beans.factory.support.AbstractAutowireCapableBeanFactory.createBeanInstance(AbstractAutowireCapableBeanFactory.java:1222)
	at org.springframework.beans.factory.support.AbstractAutowireCapableBeanFactory.doCreateBean(AbstractAutowireCapableBeanFactory.java:582)
	at org.springframework.beans.factory.support.AbstractAutowireCapableBeanFactory.createBean(AbstractAutowireCapableBeanFactory.java:542)
	at org.springframework.beans.factory.support.AbstractBeanFactory.lambda$doGetBean$0(AbstractBeanFactory.java:335)
	at org.springframework.beans.factory.support.DefaultSingletonBeanRegistry.getSingleton(DefaultSingletonBeanRegistry.java:234)
	at org.springframework.beans.factory.support.AbstractBeanFactory.doGetBean(AbstractBeanFactory.java:333)
	at org.springframework.beans.factory.support.AbstractBeanFactory.getBean(AbstractBeanFactory.java:208)
	at org.springframework.beans.factory.support.ConstructorResolver.instantiateUsingFactoryMethod(ConstructorResolver.java:410)
	at org.springframework.beans.factory.support.AbstractAutowireCapableBeanFactory.instantiateUsingFactoryMethod(AbstractAutowireCapableBeanFactory.java:1352)
	at org.springframework.beans.factory.support.AbstractAutowireCapableBeanFactory.createBeanInstance(AbstractAutowireCapableBeanFactory.java:1195)
	at org.springframework.beans.factory.support.AbstractAutowireCapableBeanFactory.doCreateBean(AbstractAutowireCapableBeanFactory.java:582)
	at org.springframework.beans.factory.support.AbstractAutowireCapableBeanFactory.createBean(AbstractAutowireCapableBeanFactory.java:542)
	at org.springframework.beans.factory.support.AbstractBeanFactory.lambda$doGetBean$0(AbstractBeanFactory.java:335)
	at org.springframework.beans.factory.support.DefaultSingletonBeanRegistry.getSingleton(DefaultSingletonBeanRegistry.java:234)
	at org.springframework.beans.factory.support.AbstractBeanFactory.doGetBean(AbstractBeanFactory.java:333)
	at org.springframework.beans.factory.support.AbstractBeanFactory.getBean(AbstractBeanFactory.java:213)
	at org.springframework.boot.web.servlet.ServletContextInitializerBeans.getOrderedBeansOfType(ServletContextInitializerBeans.java:213)
	at org.springframework.boot.web.servlet.ServletContextInitializerBeans.addAsRegistrationBean(ServletContextInitializerBeans.java:176)
	at org.springframework.boot.web.servlet.ServletContextInitializerBeans.addAsRegistrationBean(ServletContextInitializerBeans.java:171)
	at org.springframework.boot.web.servlet.ServletContextInitializerBeans.addAdaptableBeans(ServletContextInitializerBeans.java:156)
	at org.springframework.boot.web.servlet.ServletContextInitializerBeans.<init>(ServletContextInitializerBeans.java:87)
	at org.springframework.boot.web.servlet.context.ServletWebServerApplicationContext.getServletContextInitializerBeans(ServletWebServerApplicationContext.java:262)
	at org.springframework.boot.web.servlet.context.ServletWebServerApplicationContext.selfInitialize(ServletWebServerApplicationContext.java:236)
	at org.springframework.boot.web.embedded.tomcat.TomcatStarter.onStartup(TomcatStarter.java:53)
	at org.apache.catalina.core.StandardContext.startInternal(StandardContext.java:4936)
	at org.apache.catalina.util.LifecycleBase.start(LifecycleBase.java:183)
	at org.apache.catalina.core.ContainerBase$StartChild.call(ContainerBase.java:1328)
	at org.apache.catalina.core.ContainerBase$StartChild.call(ContainerBase.java:1318)
	at java.base/java.util.concurrent.FutureTask.run(FutureTask.java:264)
	at org.apache.tomcat.util.threads.InlineExecutorService.execute(InlineExecutorService.java:75)
	at java.base/java.util.concurrent.AbstractExecutorService.submit(AbstractExecutorService.java:140)
	at org.apache.catalina.core.ContainerBase.startInternal(ContainerBase.java:866)
	at org.apache.catalina.core.StandardHost.startInternal(StandardHost.java:795)
	at org.apache.catalina.util.LifecycleBase.start(LifecycleBase.java:183)
	at org.apache.catalina.core.ContainerBase$StartChild.call(ContainerBase.java:1328)
	at org.apache.catalina.core.ContainerBase$StartChild.call(ContainerBase.java:1318)
	at java.base/java.util.concurrent.FutureTask.run(FutureTask.java:264)
	at org.apache.tomcat.util.threads.InlineExecutorService.execute(InlineExecutorService.java:75)
	at java.base/java.util.concurrent.AbstractExecutorService.submit(AbstractExecutorService.java:140)
	at org.apache.catalina.core.ContainerBase.startInternal(ContainerBase.java:866)
	at org.apache.catalina.core.StandardEngine.startInternal(StandardEngine.java:249)
	at org.apache.catalina.util.LifecycleBase.start(LifecycleBase.java:183)
	at org.apache.catalina.core.StandardService.startInternal(StandardService.java:428)
	at org.apache.catalina.util.LifecycleBase.start(LifecycleBase.java:183)
	at org.apache.catalina.core.StandardServer.startInternal(StandardServer.java:922)
	at org.apache.catalina.util.LifecycleBase.start(LifecycleBase.java:183)
	at org.apache.catalina.startup.Tomcat.start(Tomcat.java:486)
	at org.springframework.boot.web.embedded.tomcat.TomcatWebServer.initialize(TomcatWebServer.java:123)
	... 18 common frames omitted
Caused by: org.springframework.beans.factory.UnsatisfiedDependencyException: Error creating bean with name 'userDetailsServiceImpl' defined in file [D:\Code\YummyBites\build\classes\java\main\com\dhbinh\yummybites\base\security\service\UserDetailsServiceImpl.class]: Unsatisfied dependency expressed through constructor parameter 0; nested exception is org.springframework.beans.factory.BeanCreationException: Error creating bean with name 'userRepository' defined in com.dhbinh.yummybites.base.security.repository.UserRepository defined in @EnableJpaRepositories declared on JpaRepositoriesRegistrar.EnableJpaRepositoriesConfiguration: Cannot create inner bean '(inner bean)#5fbb74aa' of type [org.springframework.orm.jpa.SharedEntityManagerCreator] while setting bean property 'entityManager'; nested exception is org.springframework.beans.factory.BeanCreationException: Error creating bean with name '(inner bean)#5fbb74aa': Cannot resolve reference to bean 'entityManagerFactory' while setting constructor argument; nested exception is org.springframework.beans.factory.BeanCreationException: Error creating bean with name 'entityManagerFactory' defined in class path resource [org/springframework/boot/autoconfigure/orm/jpa/HibernateJpaConfiguration.class]: Invocation of init method failed; nested exception is org.hibernate.AnnotationException: @OneToOne or @ManyToOne on com.dhbinh.yummybites.billdetail.entity.BillDetail.ingredient references an unknown entity: java.lang.String
	at org.springframework.beans.factory.support.ConstructorResolver.createArgumentArray(ConstructorResolver.java:800)
	at org.springframework.beans.factory.support.ConstructorResolver.autowireConstructor(ConstructorResolver.java:229)
	at org.springframework.beans.factory.support.AbstractAutowireCapableBeanFactory.autowireConstructor(AbstractAutowireCapableBeanFactory.java:1372)
	at org.springframework.beans.factory.support.AbstractAutowireCapableBeanFactory.createBeanInstance(AbstractAutowireCapableBeanFactory.java:1222)
	at org.springframework.beans.factory.support.AbstractAutowireCapableBeanFactory.doCreateBean(AbstractAutowireCapableBeanFactory.java:582)
	at org.springframework.beans.factory.support.AbstractAutowireCapableBeanFactory.createBean(AbstractAutowireCapableBeanFactory.java:542)
	at org.springframework.beans.factory.support.AbstractBeanFactory.lambda$doGetBean$0(AbstractBeanFactory.java:335)
	at org.springframework.beans.factory.support.DefaultSingletonBeanRegistry.getSingleton(DefaultSingletonBeanRegistry.java:234)
	at org.springframework.beans.factory.support.AbstractBeanFactory.doGetBean(AbstractBeanFactory.java:333)
	at org.springframework.beans.factory.support.AbstractBeanFactory.getBean(AbstractBeanFactory.java:208)
	at org.springframework.beans.factory.config.DependencyDescriptor.resolveCandidate(DependencyDescriptor.java:276)
	at org.springframework.beans.factory.support.DefaultListableBeanFactory.doResolveDependency(DefaultListableBeanFactory.java:1391)
	at org.springframework.beans.factory.support.DefaultListableBeanFactory.resolveDependency(DefaultListableBeanFactory.java:1311)
	at org.springframework.beans.factory.support.ConstructorResolver.resolveAutowiredArgument(ConstructorResolver.java:887)
	at org.springframework.beans.factory.support.ConstructorResolver.createArgumentArray(ConstructorResolver.java:791)
	... 68 common frames omitted
Caused by: org.springframework.beans.factory.BeanCreationException: Error creating bean with name 'userRepository' defined in com.dhbinh.yummybites.base.security.repository.UserRepository defined in @EnableJpaRepositories declared on JpaRepositoriesRegistrar.EnableJpaRepositoriesConfiguration: Cannot create inner bean '(inner bean)#5fbb74aa' of type [org.springframework.orm.jpa.SharedEntityManagerCreator] while setting bean property 'entityManager'; nested exception is org.springframework.beans.factory.BeanCreationException: Error creating bean with name '(inner bean)#5fbb74aa': Cannot resolve reference to bean 'entityManagerFactory' while setting constructor argument; nested exception is org.springframework.beans.factory.BeanCreationException: Error creating bean with name 'entityManagerFactory' defined in class path resource [org/springframework/boot/autoconfigure/orm/jpa/HibernateJpaConfiguration.class]: Invocation of init method failed; nested exception is org.hibernate.AnnotationException: @OneToOne or @ManyToOne on com.dhbinh.yummybites.billdetail.entity.BillDetail.ingredient references an unknown entity: java.lang.String
	at org.springframework.beans.factory.support.BeanDefinitionValueResolver.resolveInnerBean(BeanDefinitionValueResolver.java:389)
	at org.springframework.beans.factory.support.BeanDefinitionValueResolver.resolveValueIfNecessary(BeanDefinitionValueResolver.java:134)
	at org.springframework.beans.factory.support.AbstractAutowireCapableBeanFactory.applyPropertyValues(AbstractAutowireCapableBeanFactory.java:1707)
	at org.springframework.beans.factory.support.AbstractAutowireCapableBeanFactory.populateBean(AbstractAutowireCapableBeanFactory.java:1452)
	at org.springframework.beans.factory.support.AbstractAutowireCapableBeanFactory.doCreateBean(AbstractAutowireCapableBeanFactory.java:619)
	at org.springframework.beans.factory.support.AbstractAutowireCapableBeanFactory.createBean(AbstractAutowireCapableBeanFactory.java:542)
	at org.springframework.beans.factory.support.AbstractBeanFactory.lambda$doGetBean$0(AbstractBeanFactory.java:335)
	at org.springframework.beans.factory.support.DefaultSingletonBeanRegistry.getSingleton(DefaultSingletonBeanRegistry.java:234)
	at org.springframework.beans.factory.support.AbstractBeanFactory.doGetBean(AbstractBeanFactory.java:333)
	at org.springframework.beans.factory.support.AbstractBeanFactory.getBean(AbstractBeanFactory.java:208)
	at org.springframework.beans.factory.config.DependencyDescriptor.resolveCandidate(DependencyDescriptor.java:276)
	at org.springframework.beans.factory.support.DefaultListableBeanFactory.doResolveDependency(DefaultListableBeanFactory.java:1391)
	at org.springframework.beans.factory.support.DefaultListableBeanFactory.resolveDependency(DefaultListableBeanFactory.java:1311)
	at org.springframework.beans.factory.support.ConstructorResolver.resolveAutowiredArgument(ConstructorResolver.java:887)
	at org.springframework.beans.factory.support.ConstructorResolver.createArgumentArray(ConstructorResolver.java:791)
	... 82 common frames omitted
Caused by: org.springframework.beans.factory.BeanCreationException: Error creating bean with name '(inner bean)#5fbb74aa': Cannot resolve reference to bean 'entityManagerFactory' while setting constructor argument; nested exception is org.springframework.beans.factory.BeanCreationException: Error creating bean with name 'entityManagerFactory' defined in class path resource [org/springframework/boot/autoconfigure/orm/jpa/HibernateJpaConfiguration.class]: Invocation of init method failed; nested exception is org.hibernate.AnnotationException: @OneToOne or @ManyToOne on com.dhbinh.yummybites.billdetail.entity.BillDetail.ingredient references an unknown entity: java.lang.String
	at org.springframework.beans.factory.support.BeanDefinitionValueResolver.resolveReference(BeanDefinitionValueResolver.java:342)
	at org.springframework.beans.factory.support.BeanDefinitionValueResolver.resolveValueIfNecessary(BeanDefinitionValueResolver.java:113)
	at org.springframework.beans.factory.support.ConstructorResolver.resolveConstructorArguments(ConstructorResolver.java:693)
	at org.springframework.beans.factory.support.ConstructorResolver.instantiateUsingFactoryMethod(ConstructorResolver.java:510)
	at org.springframework.beans.factory.support.AbstractAutowireCapableBeanFactory.instantiateUsingFactoryMethod(AbstractAutowireCapableBeanFactory.java:1352)
	at org.springframework.beans.factory.support.AbstractAutowireCapableBeanFactory.createBeanInstance(AbstractAutowireCapableBeanFactory.java:1195)
	at org.springframework.beans.factory.support.AbstractAutowireCapableBeanFactory.doCreateBean(AbstractAutowireCapableBeanFactory.java:582)
	at org.springframework.beans.factory.support.AbstractAutowireCapableBeanFactory.createBean(AbstractAutowireCapableBeanFactory.java:542)
	at org.springframework.beans.factory.support.BeanDefinitionValueResolver.resolveInnerBean(BeanDefinitionValueResolver.java:374)
	... 96 common frames omitted
Caused by: org.springframework.beans.factory.BeanCreationException: Error creating bean with name 'entityManagerFactory' defined in class path resource [org/springframework/boot/autoconfigure/orm/jpa/HibernateJpaConfiguration.class]: Invocation of init method failed; nested exception is org.hibernate.AnnotationException: @OneToOne or @ManyToOne on com.dhbinh.yummybites.billdetail.entity.BillDetail.ingredient references an unknown entity: java.lang.String
	at org.springframework.beans.factory.support.AbstractAutowireCapableBeanFactory.initializeBean(AbstractAutowireCapableBeanFactory.java:1804)
	at org.springframework.beans.factory.support.AbstractAutowireCapableBeanFactory.doCreateBean(AbstractAutowireCapableBeanFactory.java:620)
	at org.springframework.beans.factory.support.AbstractAutowireCapableBeanFactory.createBean(AbstractAutowireCapableBeanFactory.java:542)
	at org.springframework.beans.factory.support.AbstractBeanFactory.lambda$doGetBean$0(AbstractBeanFactory.java:335)
	at org.springframework.beans.factory.support.DefaultSingletonBeanRegistry.getSingleton(DefaultSingletonBeanRegistry.java:234)
	at org.springframework.beans.factory.support.AbstractBeanFactory.doGetBean(AbstractBeanFactory.java:333)
	at org.springframework.beans.factory.support.AbstractBeanFactory.getBean(AbstractBeanFactory.java:208)
	at org.springframework.beans.factory.support.BeanDefinitionValueResolver.resolveReference(BeanDefinitionValueResolver.java:330)
	... 104 common frames omitted
Caused by: org.hibernate.AnnotationException: @OneToOne or @ManyToOne on com.dhbinh.yummybites.billdetail.entity.BillDetail.ingredient references an unknown entity: java.lang.String
	at org.hibernate.cfg.ToOneFkSecondPass.doSecondPass(ToOneFkSecondPass.java:100)
	at org.hibernate.boot.internal.InFlightMetadataCollectorImpl.processEndOfQueue(InFlightMetadataCollectorImpl.java:1750)
	at org.hibernate.boot.internal.InFlightMetadataCollectorImpl.processFkSecondPassesInOrder(InFlightMetadataCollectorImpl.java:1694)
	at org.hibernate.boot.internal.InFlightMetadataCollectorImpl.processSecondPasses(InFlightMetadataCollectorImpl.java:1623)
	at org.hibernate.boot.model.process.spi.MetadataBuildingProcess.complete(MetadataBuildingProcess.java:295)
	at org.hibernate.jpa.boot.internal.EntityManagerFactoryBuilderImpl.metadata(EntityManagerFactoryBuilderImpl.java:1460)
	at org.hibernate.jpa.boot.internal.EntityManagerFactoryBuilderImpl.build(EntityManagerFactoryBuilderImpl.java:1494)
	at org.springframework.orm.jpa.vendor.SpringHibernateJpaPersistenceProvider.createContainerEntityManagerFactory(SpringHibernateJpaPersistenceProvider.java:58)
	at org.springframework.orm.jpa.LocalContainerEntityManagerFactoryBean.createNativeEntityManagerFactory(LocalContainerEntityManagerFactoryBean.java:365)
	at org.springframework.orm.jpa.AbstractEntityManagerFactoryBean.buildNativeEntityManagerFactory(AbstractEntityManagerFactoryBean.java:409)
	at org.springframework.orm.jpa.AbstractEntityManagerFactoryBean.afterPropertiesSet(AbstractEntityManagerFactoryBean.java:396)
	at org.springframework.orm.jpa.LocalContainerEntityManagerFactoryBean.afterPropertiesSet(LocalContainerEntityManagerFactoryBean.java:341)
	at org.springframework.beans.factory.support.AbstractAutowireCapableBeanFactory.invokeInitMethods(AbstractAutowireCapableBeanFactory.java:1863)
	at org.springframework.beans.factory.support.AbstractAutowireCapableBeanFactory.initializeBean(AbstractAutowireCapableBeanFactory.java:1800)
	... 111 common frames omitted
| 2023-08-14 00:29:09 |  INFO |  | Starting YummybitesApplication using Java 11.0.17 on DESKTOP-HJRVAG0 with PID 16748 (D:\Code\YummyBites\build\classes\java\main started by hoabi in D:\Code\YummyBites)
| 2023-08-14 00:29:09 |  INFO |  | No active profile set, falling back to 1 default profile: "default"
| 2023-08-14 00:29:22 |  INFO |  | Started YummybitesApplication in 14.311 seconds (JVM running for 15.416)
| 2023-08-14 00:29:48 |  WARN | hoabinh0911 | Constraint violation: Property 'create.billDetailDTOList[1].ingredientName' in com.dhbinh.yummybites.billdetail.controller.BillDetailResource, invalid value: null, message: Ingredient cannot be null or blank
| 2023-08-14 00:29:48 |  WARN | hoabinh0911 | Constraint violation: Property 'create.billDetailDTOList[0].ingredientName' in com.dhbinh.yummybites.billdetail.controller.BillDetailResource, invalid value: null, message: Ingredient cannot be null or blank
| 2023-08-14 00:31:23 |  INFO |  | Starting YummybitesApplication using Java 11.0.17 on DESKTOP-HJRVAG0 with PID 12824 (D:\Code\YummyBites\build\classes\java\main started by hoabi in D:\Code\YummyBites)
| 2023-08-14 00:31:23 |  INFO |  | No active profile set, falling back to 1 default profile: "default"
| 2023-08-14 00:31:36 |  INFO |  | Started YummybitesApplication in 13.788 seconds (JVM running for 14.65)
| 2023-08-14 00:31:38 |  WARN | hoabinh0911 | Constraint violation: Property 'create.billDetailDTOList[1].ingredientName' in com.dhbinh.yummybites.billdetail.controller.BillDetailResource, invalid value: null, message: Ingredient cannot be null or blank
| 2023-08-14 00:31:38 |  WARN | hoabinh0911 | Constraint violation: Property 'create.billDetailDTOList[0].ingredientName' in com.dhbinh.yummybites.billdetail.controller.BillDetailResource, invalid value: null, message: Ingredient cannot be null or blank
| 2023-08-14 00:32:44 |  INFO |  | Starting YummybitesApplication using Java 11.0.17 on DESKTOP-HJRVAG0 with PID 944 (D:\Code\YummyBites\build\classes\java\main started by hoabi in D:\Code\YummyBites)
| 2023-08-14 00:32:44 |  INFO |  | No active profile set, falling back to 1 default profile: "default"
| 2023-08-14 00:33:00 |  INFO |  | Started YummybitesApplication in 17.266 seconds (JVM running for 18.172)
| 2023-08-14 00:33:02 | ERROR |  | JWT token is expired: JWT expired at 2023-08-11T21:14:59Z. Current time: 2023-08-14T00:33:02Z, a difference of 184683013 milliseconds.  Allowed clock skew: 0 milliseconds.
| 2023-08-14 00:33:02 | ERROR |  | Unauthorized error: Full authentication is required to access this resource
| 2023-08-14 00:34:14 |  INFO |  | Starting YummybitesApplication using Java 11.0.17 on DESKTOP-HJRVAG0 with PID 12192 (D:\Code\YummyBites\build\classes\java\main started by hoabi in D:\Code\YummyBites)
| 2023-08-14 00:34:14 |  INFO |  | No active profile set, falling back to 1 default profile: "default"
| 2023-08-14 00:34:31 |  INFO |  | Started YummybitesApplication in 17.837 seconds (JVM running for 20.673)
| 2023-08-14 00:34:53 |  INFO |  | Starting YummybitesApplication using Java 11.0.17 on DESKTOP-HJRVAG0 with PID 10468 (D:\Code\YummyBites\build\classes\java\main started by hoabi in D:\Code\YummyBites)
| 2023-08-14 00:34:53 |  INFO |  | No active profile set, falling back to 1 default profile: "default"
| 2023-08-14 00:35:11 |  INFO |  | Started YummybitesApplication in 19.891 seconds (JVM running for 21.053)
| 2023-08-14 09:59:06 |  INFO |  | Starting YummybitesApplication using Java 11.0.18 on AAVN-WS-380 with PID 23396 (D:\YummyBites\build\classes\java\main started by dhbinh in D:\YummyBites)
| 2023-08-14 09:59:06 |  INFO |  | No active profile set, falling back to 1 default profile: "default"
| 2023-08-14 09:59:24 |  INFO |  | Started YummybitesApplication in 18.627 seconds (JVM running for 19.707)
| 2023-08-14 09:59:30 | ERROR |  | JWT token is expired: JWT expired at 2023-08-13T04:27:12Z. Current time: 2023-08-14T09:59:30Z, a difference of 106338707 milliseconds.  Allowed clock skew: 0 milliseconds.
| 2023-08-14 09:59:30 | ERROR |  | Unauthorized error: Full authentication is required to access this resource
| 2023-08-14 09:59:45 | ERROR |  | JWT token is expired: JWT expired at 2023-08-13T04:27:12Z. Current time: 2023-08-14T09:59:45Z, a difference of 106353991 milliseconds.  Allowed clock skew: 0 milliseconds.
| 2023-08-14 09:59:45 | ERROR |  | Unauthorized error: Full authentication is required to access this resource
| 2023-08-14 09:59:57 | ERROR |  | JWT token is expired: JWT expired at 2023-08-11T21:56:35Z. Current time: 2023-08-14T09:59:57Z, a difference of 216202734 milliseconds.  Allowed clock skew: 0 milliseconds.
| 2023-08-14 10:02:21 |  WARN | hoabinh0911 | org.springframework.http.converter.json.AbstractJackson2HttpMessageConverter:391 - JSON parse error: Cannot deserialize value of type `java.time.LocalDateTime` from String "2023-08-11T17:30": Failed to deserialize java.time.LocalDateTime: (java.time.format.DateTimeParseException) Text '2023-08-11T17:30' could not be parsed at index 10; nested exception is com.fasterxml.jackson.databind.exc.InvalidFormatException: Cannot deserialize value of type `java.time.LocalDateTime` from String "2023-08-11T17:30": Failed to deserialize java.time.LocalDateTime: (java.time.format.DateTimeParseException) Text '2023-08-11T17:30' could not be parsed at index 10
 at [Source: (org.springframework.util.StreamUtils$NonClosingInputStream); line: 2, column: 23] (through reference chain: com.dhbinh.yummybites.reservation.service.dto.ReservationDTO["reservationDate"])
| 2023-08-14 10:03:37 |  INFO |  | Starting YummybitesApplication using Java 11.0.18 on AAVN-WS-380 with PID 10700 (D:\YummyBites\build\classes\java\main started by dhbinh in D:\YummyBites)
| 2023-08-14 10:03:37 |  INFO |  | No active profile set, falling back to 1 default profile: "default"
| 2023-08-14 10:03:54 |  INFO |  | Started YummybitesApplication in 17.905 seconds (JVM running for 19.029)
| 2023-08-14 10:04:32 |  INFO |  | Starting YummybitesApplication using Java 11.0.18 on AAVN-WS-380 with PID 3656 (D:\YummyBites\build\classes\java\main started by dhbinh in D:\YummyBites)
| 2023-08-14 10:04:32 |  INFO |  | No active profile set, falling back to 1 default profile: "default"
| 2023-08-14 10:04:47 |  INFO |  | Started YummybitesApplication in 15.547 seconds (JVM running for 16.775)
| 2023-08-14 10:05:58 | ERROR |  | JWT token is expired: JWT expired at 2023-08-10T12:01:13Z. Current time: 2023-08-14T10:05:58Z, a difference of 338685127 milliseconds.  Allowed clock skew: 0 milliseconds.
| 2023-08-14 10:05:58 | ERROR |  | Unauthorized error: Full authentication is required to access this resource
| 2023-08-14 10:20:04 |  INFO | hoabinh0911 | Create order detail[com.dhbinh.yummybites.orderdetail.service.dto.OrderDetailDTO@40317113, com.dhbinh.yummybites.orderdetail.service.dto.OrderDetailDTO@6166de2c]
| 2023-08-14 10:20:05 |  INFO | hoabinh0911 | Order detail DTO com.dhbinh.yummybites.orderdetail.service.dto.OrderDetailDTO@40317113
| 2023-08-14 10:20:05 |  INFO | hoabinh0911 | Order detail DTO com.dhbinh.yummybites.orderdetail.service.dto.OrderDetailDTO@6166de2c
| 2023-08-14 10:21:05 |  INFO |  | Starting YummybitesApplication using Java 11.0.18 on AAVN-WS-380 with PID 23256 (D:\YummyBites\build\classes\java\main started by dhbinh in D:\YummyBites)
| 2023-08-14 10:21:05 |  INFO |  | No active profile set, falling back to 1 default profile: "default"
| 2023-08-14 10:21:13 |  INFO |  | Started YummybitesApplication in 8.671 seconds (JVM running for 9.532)
| 2023-08-14 10:21:26 | ERROR |  | JWT token is expired: JWT expired at 2023-08-11T21:56:35Z. Current time: 2023-08-14T10:21:26Z, a difference of 217491632 milliseconds.  Allowed clock skew: 0 milliseconds.
| 2023-08-14 10:21:42 | ERROR |  | JWT token is expired: JWT expired at 2023-08-11T21:56:35Z. Current time: 2023-08-14T10:21:42Z, a difference of 217507069 milliseconds.  Allowed clock skew: 0 milliseconds.
| 2023-08-14 10:22:12 |  INFO | bjowitt | Create order detail[com.dhbinh.yummybites.orderdetail.service.dto.OrderDetailDTO@255b95ed, com.dhbinh.yummybites.orderdetail.service.dto.OrderDetailDTO@3bbca89d]
| 2023-08-14 10:22:12 |  INFO | bjowitt | Order detail DTO com.dhbinh.yummybites.orderdetail.service.dto.OrderDetailDTO@255b95ed
| 2023-08-14 10:22:12 |  INFO | bjowitt | Order detail DTO com.dhbinh.yummybites.orderdetail.service.dto.OrderDetailDTO@3bbca89d
| 2023-08-14 10:23:43 |  INFO |  | Starting YummybitesApplication using Java 11.0.18 on AAVN-WS-380 with PID 15116 (D:\YummyBites\build\classes\java\main started by dhbinh in D:\YummyBites)
| 2023-08-14 10:23:43 |  INFO |  | No active profile set, falling back to 1 default profile: "default"
| 2023-08-14 10:23:52 |  INFO |  | Started YummybitesApplication in 8.781 seconds (JVM running for 9.575)
| 2023-08-14 10:24:00 |  WARN | bjowitt | org.springframework.web.bind.MethodArgumentNotValidException: Validation failed for argument [0] in public org.springframework.http.ResponseEntity<com.dhbinh.yummybites.menuitem.service.dto.MenuItemDTO> com.dhbinh.yummybites.menuitem.controller.MenuItemResource.createMenuItem(com.dhbinh.yummybites.menuitem.service.dto.MenuItemDTO): [Field error in object 'menuItemDTO' on field 'dishType': rejected value [DISH_TYPE_MAIN_DISH]; codes [ValueOfEnum.menuItemDTO.dishType,ValueOfEnum.dishType,ValueOfEnum.java.lang.String,ValueOfEnum]; arguments [org.springframework.context.support.DefaultMessageSourceResolvable: codes [menuItemDTO.dishType,dishType]; arguments []; default message [dishType],class com.dhbinh.yummybites.menuitem.entity.DishType]; default message [Invalid value. Possible values: DISH_TYPE_APPETIZERS, DISH_TYPE_MAINDISH, DISH_TYPE_DESSERT, DISH_TYPE_DRINKS]] 
| 2023-08-14 10:24:00 |  WARN | bjowitt | Validation error: Field 'dishType' in menuItemDTO, rejected value: DISH_TYPE_MAIN_DISH, message: Invalid value. Possible values: DISH_TYPE_APPETIZERS, DISH_TYPE_MAINDISH, DISH_TYPE_DESSERT, DISH_TYPE_DRINKS
| 2023-08-14 10:24:15 |  INFO | bjowitt | Create order detail[com.dhbinh.yummybites.orderdetail.service.dto.OrderDetailDTO@50b61cd5, com.dhbinh.yummybites.orderdetail.service.dto.OrderDetailDTO@78b7c0f5]
| 2023-08-14 10:24:15 |  INFO | bjowitt | Order detail DTO com.dhbinh.yummybites.orderdetail.service.dto.OrderDetailDTO@50b61cd5
| 2023-08-14 10:24:15 |  INFO | bjowitt | Order detail DTO com.dhbinh.yummybites.orderdetail.service.dto.OrderDetailDTO@78b7c0f5
| 2023-08-14 10:24:27 |  INFO |  | Starting YummybitesApplication using Java 11.0.18 on AAVN-WS-380 with PID 12104 (D:\YummyBites\build\classes\java\main started by dhbinh in D:\YummyBites)
| 2023-08-14 10:24:27 |  INFO |  | No active profile set, falling back to 1 default profile: "default"
| 2023-08-14 10:24:34 |  INFO |  | Started YummybitesApplication in 7.432 seconds (JVM running for 8.389)
| 2023-08-14 10:24:47 |  INFO | bjowitt | Create order detail[com.dhbinh.yummybites.orderdetail.service.dto.OrderDetailDTO@c83fd37, com.dhbinh.yummybites.orderdetail.service.dto.OrderDetailDTO@5838c980]
| 2023-08-14 10:24:47 |  INFO | bjowitt | Order detail DTO com.dhbinh.yummybites.orderdetail.service.dto.OrderDetailDTO@c83fd37
| 2023-08-14 10:24:47 |  INFO | bjowitt | Order detail DTO com.dhbinh.yummybites.orderdetail.service.dto.OrderDetailDTO@5838c980
| 2023-08-14 10:25:23 |  INFO | bjowitt | Create order detail[com.dhbinh.yummybites.orderdetail.service.dto.OrderDetailDTO@2b463bd8, com.dhbinh.yummybites.orderdetail.service.dto.OrderDetailDTO@1fb1d4e]
| 2023-08-14 10:25:23 |  INFO | bjowitt | Order detail DTO com.dhbinh.yummybites.orderdetail.service.dto.OrderDetailDTO@2b463bd8
| 2023-08-14 10:25:23 |  INFO | bjowitt | Order detail DTO com.dhbinh.yummybites.orderdetail.service.dto.OrderDetailDTO@1fb1d4e
| 2023-08-14 13:44:30 |  INFO |  | Starting YummybitesApplication using Java 11.0.18 on AAVN-WS-380 with PID 21828 (D:\YummyBites\build\classes\java\main started by dhbinh in D:\YummyBites)
| 2023-08-14 13:44:30 |  INFO |  | No active profile set, falling back to 1 default profile: "default"
| 2023-08-14 13:44:37 |  INFO |  | Started YummybitesApplication in 7.954 seconds (JVM running for 9.176)
| 2023-08-14 13:45:27 | ERROR | hoabinh0911 | Servlet.service() for servlet [dispatcherServlet] in context with path [/api] threw exception
java.io.FileNotFoundException: D:\Code\YummyBites\report\daily-report\report_2023-08-14.xlsx (The system cannot find the path specified)
	at java.base/java.io.FileInputStream.open0(Native Method)
	at java.base/java.io.FileInputStream.open(FileInputStream.java:219)
	at java.base/java.io.FileInputStream.<init>(FileInputStream.java:157)
	at java.base/java.io.FileInputStream.<init>(FileInputStream.java:112)
	at com.dhbinh.yummybites.bill.service.BillService.exportBillByDate(BillService.java:98)
	at com.dhbinh.yummybites.bill.controller.BillResource.exportBillByDate(BillResource.java:35)
	at com.dhbinh.yummybites.bill.controller.BillResource$$FastClassBySpringCGLIB$$ec1904f4.invoke(<generated>)
	at org.springframework.cglib.proxy.MethodProxy.invoke(MethodProxy.java:218)
	at org.springframework.aop.framework.CglibAopProxy$CglibMethodInvocation.invokeJoinpoint(CglibAopProxy.java:793)
	at org.springframework.aop.framework.ReflectiveMethodInvocation.proceed(ReflectiveMethodInvocation.java:163)
	at org.springframework.aop.framework.CglibAopProxy$CglibMethodInvocation.proceed(CglibAopProxy.java:763)
	at org.springframework.validation.beanvalidation.MethodValidationInterceptor.invoke(MethodValidationInterceptor.java:123)
	at org.springframework.aop.framework.ReflectiveMethodInvocation.proceed(ReflectiveMethodInvocation.java:186)
	at org.springframework.aop.framework.CglibAopProxy$CglibMethodInvocation.proceed(CglibAopProxy.java:763)
	at org.springframework.security.access.intercept.aopalliance.MethodSecurityInterceptor.invoke(MethodSecurityInterceptor.java:61)
	at org.springframework.aop.framework.ReflectiveMethodInvocation.proceed(ReflectiveMethodInvocation.java:186)
	at org.springframework.aop.framework.CglibAopProxy$CglibMethodInvocation.proceed(CglibAopProxy.java:763)
	at org.springframework.aop.framework.CglibAopProxy$DynamicAdvisedInterceptor.intercept(CglibAopProxy.java:708)
	at com.dhbinh.yummybites.bill.controller.BillResource$$EnhancerBySpringCGLIB$$7bf94e11.exportBillByDate(<generated>)
	at java.base/jdk.internal.reflect.NativeMethodAccessorImpl.invoke0(Native Method)
	at java.base/jdk.internal.reflect.NativeMethodAccessorImpl.invoke(NativeMethodAccessorImpl.java:62)
	at java.base/jdk.internal.reflect.DelegatingMethodAccessorImpl.invoke(DelegatingMethodAccessorImpl.java:43)
	at java.base/java.lang.reflect.Method.invoke(Method.java:566)
	at org.springframework.web.method.support.InvocableHandlerMethod.doInvoke(InvocableHandlerMethod.java:205)
	at org.springframework.web.method.support.InvocableHandlerMethod.invokeForRequest(InvocableHandlerMethod.java:150)
	at org.springframework.web.servlet.mvc.method.annotation.ServletInvocableHandlerMethod.invokeAndHandle(ServletInvocableHandlerMethod.java:117)
	at org.springframework.web.servlet.mvc.method.annotation.RequestMappingHandlerAdapter.invokeHandlerMethod(RequestMappingHandlerAdapter.java:895)
	at org.springframework.web.servlet.mvc.method.annotation.RequestMappingHandlerAdapter.handleInternal(RequestMappingHandlerAdapter.java:808)
	at org.springframework.web.servlet.mvc.method.AbstractHandlerMethodAdapter.handle(AbstractHandlerMethodAdapter.java:87)
	at org.springframework.web.servlet.DispatcherServlet.doDispatch(DispatcherServlet.java:1072)
	at org.springframework.web.servlet.DispatcherServlet.doService(DispatcherServlet.java:965)
	at org.springframework.web.servlet.FrameworkServlet.processRequest(FrameworkServlet.java:1006)
	at org.springframework.web.servlet.FrameworkServlet.doPost(FrameworkServlet.java:909)
	at javax.servlet.http.HttpServlet.service(HttpServlet.java:555)
	at org.springframework.web.servlet.FrameworkServlet.service(FrameworkServlet.java:883)
	at javax.servlet.http.HttpServlet.service(HttpServlet.java:623)
	at org.apache.catalina.core.ApplicationFilterChain.internalDoFilter(ApplicationFilterChain.java:209)
	at org.apache.catalina.core.ApplicationFilterChain.doFilter(ApplicationFilterChain.java:153)
	at org.apache.tomcat.websocket.server.WsFilter.doFilter(WsFilter.java:51)
	at org.apache.catalina.core.ApplicationFilterChain.internalDoFilter(ApplicationFilterChain.java:178)
	at org.apache.catalina.core.ApplicationFilterChain.doFilter(ApplicationFilterChain.java:153)
	at org.springframework.web.filter.OncePerRequestFilter.doFilter(OncePerRequestFilter.java:111)
	at org.apache.catalina.core.ApplicationFilterChain.internalDoFilter(ApplicationFilterChain.java:178)
	at org.apache.catalina.core.ApplicationFilterChain.doFilter(ApplicationFilterChain.java:153)
	at org.springframework.security.web.FilterChainProxy$VirtualFilterChain.doFilter(FilterChainProxy.java:337)
	at org.springframework.security.web.access.intercept.FilterSecurityInterceptor.invoke(FilterSecurityInterceptor.java:115)
	at org.springframework.security.web.access.intercept.FilterSecurityInterceptor.doFilter(FilterSecurityInterceptor.java:81)
	at org.springframework.security.web.FilterChainProxy$VirtualFilterChain.doFilter(FilterChainProxy.java:346)
	at org.springframework.security.web.access.ExceptionTranslationFilter.doFilter(ExceptionTranslationFilter.java:122)
	at org.springframework.security.web.access.ExceptionTranslationFilter.doFilter(ExceptionTranslationFilter.java:116)
	at org.springframework.security.web.FilterChainProxy$VirtualFilterChain.doFilter(FilterChainProxy.java:346)
	at org.springframework.security.web.session.SessionManagementFilter.doFilter(SessionManagementFilter.java:126)
	at org.springframework.security.web.session.SessionManagementFilter.doFilter(SessionManagementFilter.java:81)
	at org.springframework.security.web.FilterChainProxy$VirtualFilterChain.doFilter(FilterChainProxy.java:346)
	at org.springframework.security.web.authentication.AnonymousAuthenticationFilter.doFilter(AnonymousAuthenticationFilter.java:109)
	at org.springframework.security.web.FilterChainProxy$VirtualFilterChain.doFilter(FilterChainProxy.java:346)
	at org.springframework.security.web.servletapi.SecurityContextHolderAwareRequestFilter.doFilter(SecurityContextHolderAwareRequestFilter.java:149)
	at org.springframework.security.web.FilterChainProxy$VirtualFilterChain.doFilter(FilterChainProxy.java:346)
	at org.springframework.security.web.savedrequest.RequestCacheAwareFilter.doFilter(RequestCacheAwareFilter.java:63)
	at org.springframework.security.web.FilterChainProxy$VirtualFilterChain.doFilter(FilterChainProxy.java:346)
	at com.dhbinh.yummybites.base.security.config.AuthTokenFilter.doFilterInternal(AuthTokenFilter.java:59)
	at org.springframework.web.filter.OncePerRequestFilter.doFilter(OncePerRequestFilter.java:117)
	at org.springframework.security.web.FilterChainProxy$VirtualFilterChain.doFilter(FilterChainProxy.java:346)
	at org.springframework.security.web.authentication.logout.LogoutFilter.doFilter(LogoutFilter.java:103)
	at org.springframework.security.web.authentication.logout.LogoutFilter.doFilter(LogoutFilter.java:89)
	at org.springframework.security.web.FilterChainProxy$VirtualFilterChain.doFilter(FilterChainProxy.java:346)
	at org.springframework.web.filter.CorsFilter.doFilterInternal(CorsFilter.java:91)
	at org.springframework.web.filter.OncePerRequestFilter.doFilter(OncePerRequestFilter.java:117)
	at org.springframework.security.web.FilterChainProxy$VirtualFilterChain.doFilter(FilterChainProxy.java:346)
	at org.springframework.security.web.header.HeaderWriterFilter.doHeadersAfter(HeaderWriterFilter.java:90)
	at org.springframework.security.web.header.HeaderWriterFilter.doFilterInternal(HeaderWriterFilter.java:75)
	at org.springframework.web.filter.OncePerRequestFilter.doFilter(OncePerRequestFilter.java:117)
	at org.springframework.security.web.FilterChainProxy$VirtualFilterChain.doFilter(FilterChainProxy.java:346)
	at org.springframework.security.web.context.SecurityContextPersistenceFilter.doFilter(SecurityContextPersistenceFilter.java:112)
	at org.springframework.security.web.context.SecurityContextPersistenceFilter.doFilter(SecurityContextPersistenceFilter.java:82)
	at org.springframework.security.web.FilterChainProxy$VirtualFilterChain.doFilter(FilterChainProxy.java:346)
	at org.springframework.security.web.context.request.async.WebAsyncManagerIntegrationFilter.doFilterInternal(WebAsyncManagerIntegrationFilter.java:55)
	at org.springframework.web.filter.OncePerRequestFilter.doFilter(OncePerRequestFilter.java:117)
	at org.springframework.security.web.FilterChainProxy$VirtualFilterChain.doFilter(FilterChainProxy.java:346)
	at org.springframework.security.web.session.DisableEncodeUrlFilter.doFilterInternal(DisableEncodeUrlFilter.java:42)
	at org.springframework.web.filter.OncePerRequestFilter.doFilter(OncePerRequestFilter.java:117)
	at org.springframework.security.web.FilterChainProxy$VirtualFilterChain.doFilter(FilterChainProxy.java:346)
	at org.springframework.security.web.FilterChainProxy.doFilterInternal(FilterChainProxy.java:221)
	at org.springframework.security.web.FilterChainProxy.doFilter(FilterChainProxy.java:186)
	at org.springframework.web.filter.DelegatingFilterProxy.invokeDelegate(DelegatingFilterProxy.java:354)
	at org.springframework.web.filter.DelegatingFilterProxy.doFilter(DelegatingFilterProxy.java:267)
	at org.apache.catalina.core.ApplicationFilterChain.internalDoFilter(ApplicationFilterChain.java:178)
	at org.apache.catalina.core.ApplicationFilterChain.doFilter(ApplicationFilterChain.java:153)
	at org.springframework.web.filter.RequestContextFilter.doFilterInternal(RequestContextFilter.java:100)
	at org.springframework.web.filter.OncePerRequestFilter.doFilter(OncePerRequestFilter.java:117)
	at org.apache.catalina.core.ApplicationFilterChain.internalDoFilter(ApplicationFilterChain.java:178)
	at org.apache.catalina.core.ApplicationFilterChain.doFilter(ApplicationFilterChain.java:153)
	at org.springframework.web.filter.FormContentFilter.doFilterInternal(FormContentFilter.java:93)
	at org.springframework.web.filter.OncePerRequestFilter.doFilter(OncePerRequestFilter.java:117)
	at org.apache.catalina.core.ApplicationFilterChain.internalDoFilter(ApplicationFilterChain.java:178)
	at org.apache.catalina.core.ApplicationFilterChain.doFilter(ApplicationFilterChain.java:153)
	at org.springframework.web.filter.CharacterEncodingFilter.doFilterInternal(CharacterEncodingFilter.java:201)
	at org.springframework.web.filter.OncePerRequestFilter.doFilter(OncePerRequestFilter.java:117)
	at org.apache.catalina.core.ApplicationFilterChain.internalDoFilter(ApplicationFilterChain.java:178)
	at org.apache.catalina.core.ApplicationFilterChain.doFilter(ApplicationFilterChain.java:153)
	at org.apache.catalina.core.StandardWrapperValve.invoke(StandardWrapperValve.java:167)
	at org.apache.catalina.core.StandardContextValve.invoke(StandardContextValve.java:90)
	at org.apache.catalina.authenticator.AuthenticatorBase.invoke(AuthenticatorBase.java:481)
	at org.apache.catalina.core.StandardHostValve.invoke(StandardHostValve.java:130)
	at org.apache.catalina.valves.ErrorReportValve.invoke(ErrorReportValve.java:93)
	at org.apache.catalina.core.StandardEngineValve.invoke(StandardEngineValve.java:74)
	at org.apache.catalina.connector.CoyoteAdapter.service(CoyoteAdapter.java:343)
	at org.apache.coyote.http11.Http11Processor.service(Http11Processor.java:390)
	at org.apache.coyote.AbstractProcessorLight.process(AbstractProcessorLight.java:63)
	at org.apache.coyote.AbstractProtocol$ConnectionHandler.process(AbstractProtocol.java:926)
	at org.apache.tomcat.util.net.NioEndpoint$SocketProcessor.doRun(NioEndpoint.java:1791)
	at org.apache.tomcat.util.net.SocketProcessorBase.run(SocketProcessorBase.java:52)
	at org.apache.tomcat.util.threads.ThreadPoolExecutor.runWorker(ThreadPoolExecutor.java:1191)
	at org.apache.tomcat.util.threads.ThreadPoolExecutor$Worker.run(ThreadPoolExecutor.java:659)
	at org.apache.tomcat.util.threads.TaskThread$WrappingRunnable.run(TaskThread.java:61)
	at java.base/java.lang.Thread.run(Thread.java:834)
| 2023-08-14 13:50:05 |  INFO |  | Starting YummybitesApplication using Java 11.0.18 on AAVN-WS-380 with PID 17088 (D:\YummyBites\build\classes\java\main started by dhbinh in D:\YummyBites)
| 2023-08-14 13:50:05 |  INFO |  | No active profile set, falling back to 1 default profile: "default"
| 2023-08-14 13:50:12 |  INFO |  | Started YummybitesApplication in 8.048 seconds (JVM running for 8.89)
| 2023-08-14 13:50:16 |  WARN | hoabinh0911 | com.dhbinh.yummybites.bill.service.BillService:94 - File cannot be found
| 2023-08-14 13:50:46 |  INFO |  | Starting YummybitesApplication using Java 11.0.18 on AAVN-WS-380 with PID 13660 (D:\YummyBites\build\classes\java\main started by dhbinh in D:\YummyBites)
| 2023-08-14 13:50:46 |  INFO |  | No active profile set, falling back to 1 default profile: "default"
| 2023-08-14 13:50:54 |  INFO |  | Started YummybitesApplication in 8.961 seconds (JVM running for 9.73)
| 2023-08-14 13:50:56 |  WARN | hoabinh0911 | com.dhbinh.yummybites.bill.service.BillService:94 - File cannot be found
| 2023-08-14 13:51:13 |  WARN | hoabinh0911 | com.dhbinh.yummybites.supplier.service.SupplierService:47 - Supplier cannot be found
| 2023-08-14 16:11:12 | ERROR |  | Unexpected error occurred in scheduled task
org.springframework.mail.MailAuthenticationException: Authentication failed; nested exception is javax.mail.AuthenticationFailedException: 535-5.7.8 Username and Password not accepted. Learn more at
535 5.7.8  https://support.google.com/mail/?p=BadCredentials l4-20020a170902eb0400b001bb8be10a84sm2913376plb.304 - gsmtp

	at org.springframework.mail.javamail.JavaMailSenderImpl.doSend(JavaMailSenderImpl.java:440)
	at org.springframework.mail.javamail.JavaMailSenderImpl.send(JavaMailSenderImpl.java:361)
	at org.springframework.mail.javamail.JavaMailSenderImpl.send(JavaMailSenderImpl.java:356)
	at com.dhbinh.yummybites.utils.mailsender.service.EmailService.sendMailWithAttachment(EmailService.java:79)
	at java.base/jdk.internal.reflect.NativeMethodAccessorImpl.invoke0(Native Method)
	at java.base/jdk.internal.reflect.NativeMethodAccessorImpl.invoke(NativeMethodAccessorImpl.java:62)
	at java.base/jdk.internal.reflect.DelegatingMethodAccessorImpl.invoke(DelegatingMethodAccessorImpl.java:43)
	at java.base/java.lang.reflect.Method.invoke(Method.java:566)
	at org.springframework.scheduling.support.ScheduledMethodRunnable.run(ScheduledMethodRunnable.java:84)
	at org.springframework.scheduling.support.DelegatingErrorHandlingRunnable.run(DelegatingErrorHandlingRunnable.java:54)
	at org.springframework.scheduling.concurrent.ReschedulingRunnable.run(ReschedulingRunnable.java:95)
	at java.base/java.util.concurrent.Executors$RunnableAdapter.call(Executors.java:515)
	at java.base/java.util.concurrent.FutureTask.run(FutureTask.java:264)
	at java.base/java.util.concurrent.ScheduledThreadPoolExecutor$ScheduledFutureTask.run(ScheduledThreadPoolExecutor.java:304)
	at java.base/java.util.concurrent.ThreadPoolExecutor.runWorker(ThreadPoolExecutor.java:1128)
	at java.base/java.util.concurrent.ThreadPoolExecutor$Worker.run(ThreadPoolExecutor.java:628)
	at java.base/java.lang.Thread.run(Thread.java:834)
Caused by: javax.mail.AuthenticationFailedException: 535-5.7.8 Username and Password not accepted. Learn more at
535 5.7.8  https://support.google.com/mail/?p=BadCredentials l4-20020a170902eb0400b001bb8be10a84sm2913376plb.304 - gsmtp

	at com.sun.mail.smtp.SMTPTransport$Authenticator.authenticate(SMTPTransport.java:947)
	at com.sun.mail.smtp.SMTPTransport.authenticate(SMTPTransport.java:858)
	at com.sun.mail.smtp.SMTPTransport.protocolConnect(SMTPTransport.java:762)
	at javax.mail.Service.connect(Service.java:342)
	at org.springframework.mail.javamail.JavaMailSenderImpl.connectTransport(JavaMailSenderImpl.java:518)
	at org.springframework.mail.javamail.JavaMailSenderImpl.doSend(JavaMailSenderImpl.java:437)
	... 16 common frames omitted
| 2023-08-14 17:20:56 |  WARN | hoabinh0911 | com.dhbinh.yummybites.supplier.service.SupplierService:47 - Supplier cannot be found
| 2023-08-14 17:25:51 |  INFO |  | Starting YummybitesApplication using Java 11.0.18 on AAVN-WS-380 with PID 10328 (D:\YummyBites\build\classes\java\main started by dhbinh in D:\YummyBites)
| 2023-08-14 17:25:51 |  INFO |  | No active profile set, falling back to 1 default profile: "default"
| 2023-08-14 17:26:05 |  INFO |  | Started YummybitesApplication in 14.813 seconds (JVM running for 15.762)
| 2023-08-14 17:27:01 |  INFO | hoabinh0911 | Create order detail[com.dhbinh.yummybites.orderdetail.service.dto.OrderDetailDTO@38d4a292, com.dhbinh.yummybites.orderdetail.service.dto.OrderDetailDTO@26292e26]
| 2023-08-14 17:27:01 |  INFO | hoabinh0911 | Order detail DTO com.dhbinh.yummybites.orderdetail.service.dto.OrderDetailDTO@38d4a292
| 2023-08-14 17:27:01 |  INFO | hoabinh0911 | Order detail DTO com.dhbinh.yummybites.orderdetail.service.dto.OrderDetailDTO@26292e26
| 2023-08-14 17:27:10 |  WARN | hoabinh0911 | com.dhbinh.yummybites.order.service.OrderService:51 - Order cannot be found
| 2023-08-14 17:27:35 |  WARN | hoabinh0911 | com.dhbinh.yummybites.bill.service.BillService:94 - File cannot be found
| 2023-08-14 17:27:39 |  WARN | hoabinh0911 | com.dhbinh.yummybites.bill.service.BillService:94 - File cannot be found
| 2023-08-14 17:31:11 |  INFO |  | Starting YummybitesApplication using Java 11.0.18 on AAVN-WS-380 with PID 15380 (D:\Code\YummyBites\build\classes\java\main started by dhbinh in D:\Code\YummyBites)
| 2023-08-14 17:31:11 |  INFO |  | No active profile set, falling back to 1 default profile: "default"
| 2023-08-14 17:31:21 |  INFO |  | Started YummybitesApplication in 11.08 seconds (JVM running for 11.977)
| 2023-08-14 17:32:59 |  WARN | hoabinh0911 | com.dhbinh.yummybites.bill.service.BillService:94 - File cannot be found
| 2023-08-14 17:33:01 |  WARN | hoabinh0911 | com.dhbinh.yummybites.bill.service.BillService:94 - File cannot be found
| 2023-08-14 17:40:25 |  INFO |  | Starting YummybitesApplication using Java 11.0.18 on AAVN-WS-380 with PID 2040 (D:\Code\YummyBites\build\classes\java\main started by dhbinh in D:\Code\YummyBites)
| 2023-08-14 17:40:25 |  INFO |  | No active profile set, falling back to 1 default profile: "default"
| 2023-08-14 17:40:34 |  INFO |  | Started YummybitesApplication in 9.03 seconds (JVM running for 10.043)
| 2023-08-14 17:40:45 |  WARN | hoabinh0911 | com.dhbinh.yummybites.bill.service.BillService:100 - File cannot be found
| 2023-08-14 17:40:47 |  WARN | hoabinh0911 | com.dhbinh.yummybites.bill.service.BillService:100 - File cannot be found
| 2023-08-14 17:41:28 |  INFO |  | Starting YummybitesApplication using Java 11.0.18 on AAVN-WS-380 with PID 3020 (D:\Code\YummyBites\build\classes\java\main started by dhbinh in D:\Code\YummyBites)
| 2023-08-14 17:41:28 |  INFO |  | No active profile set, falling back to 1 default profile: "default"
| 2023-08-14 17:41:36 |  INFO |  | Started YummybitesApplication in 8.574 seconds (JVM running for 9.359)
| 2023-08-14 17:42:11 |  INFO |  | Starting YummybitesApplication using Java 11.0.18 on AAVN-WS-380 with PID 23376 (D:\Code\YummyBites\build\classes\java\main started by dhbinh in D:\Code\YummyBites)
| 2023-08-14 17:42:11 |  INFO |  | No active profile set, falling back to 1 default profile: "default"
| 2023-08-14 17:42:19 |  INFO |  | Started YummybitesApplication in 8.601 seconds (JVM running for 9.399)
| 2023-08-14 17:42:23 |  WARN | hoabinh0911 | com.dhbinh.yummybites.bill.service.BillService:100 - File cannot be found
| 2023-08-14 17:42:35 |  INFO |  | Starting YummybitesApplication using Java 11.0.18 on AAVN-WS-380 with PID 19460 (D:\Code\YummyBites\build\classes\java\main started by dhbinh in D:\Code\YummyBites)
| 2023-08-14 17:42:35 |  INFO |  | No active profile set, falling back to 1 default profile: "default"
| 2023-08-14 17:42:42 |  INFO |  | Started YummybitesApplication in 7.783 seconds (JVM running for 8.538)
| 2023-08-14 17:42:50 |  WARN | hoabinh0911 | com.dhbinh.yummybites.bill.service.BillService:100 - File cannot be found
| 2023-08-14 17:45:14 |  INFO |  | Starting YummybitesApplication using Java 11.0.18 on AAVN-WS-380 with PID 11044 (D:\Code\YummyBites\build\classes\java\main started by dhbinh in D:\Code\YummyBites)
| 2023-08-14 17:45:14 |  INFO |  | No active profile set, falling back to 1 default profile: "default"
| 2023-08-14 17:45:24 |  INFO |  | Started YummybitesApplication in 10.091 seconds (JVM running for 10.827)
| 2023-08-14 17:45:51 |  INFO |  | Starting YummybitesApplication using Java 11.0.18 on AAVN-WS-380 with PID 13828 (D:\Code\YummyBites\build\classes\java\main started by dhbinh in D:\Code\YummyBites)
| 2023-08-14 17:45:51 |  INFO |  | No active profile set, falling back to 1 default profile: "default"
| 2023-08-14 17:45:59 |  INFO |  | Started YummybitesApplication in 8.895 seconds (JVM running for 9.683)
| 2023-08-14 17:46:02 |  WARN | hoabinh0911 | com.dhbinh.yummybites.bill.service.BillService:100 - File cannot be found
| 2023-08-14 17:46:59 |  INFO |  | Starting YummybitesApplication using Java 11.0.18 on AAVN-WS-380 with PID 8252 (D:\Code\YummyBites\build\classes\java\main started by dhbinh in D:\Code\YummyBites)
| 2023-08-14 17:46:59 |  INFO |  | No active profile set, falling back to 1 default profile: "default"
| 2023-08-14 17:47:08 |  INFO |  | Started YummybitesApplication in 8.756 seconds (JVM running for 9.621)
| 2023-08-14 17:47:13 |  WARN | hoabinh0911 | com.dhbinh.yummybites.bill.service.BillService:101 - File cannot be found
| 2023-08-14 17:48:02 |  INFO |  | Starting YummybitesApplication using Java 11.0.18 on AAVN-WS-380 with PID 19624 (D:\Code\YummyBites\build\classes\java\main started by dhbinh in D:\Code\YummyBites)
| 2023-08-14 17:48:02 |  INFO |  | No active profile set, falling back to 1 default profile: "default"
| 2023-08-14 17:48:11 |  INFO |  | Started YummybitesApplication in 9.686 seconds (JVM running for 10.657)
| 2023-08-14 17:48:14 |  WARN | hoabinh0911 | com.dhbinh.yummybites.bill.service.BillService:101 - File cannot be found
| 2023-08-14 17:48:55 |  INFO |  | Starting YummybitesApplication using Java 11.0.18 on AAVN-WS-380 with PID 9988 (D:\Code\YummyBites\build\classes\java\main started by dhbinh in D:\Code\YummyBites)
| 2023-08-14 17:48:55 |  INFO |  | No active profile set, falling back to 1 default profile: "default"
| 2023-08-14 17:49:04 |  INFO |  | Started YummybitesApplication in 9.738 seconds (JVM running for 10.623)
| 2023-08-14 17:49:41 |  INFO |  | Starting YummybitesApplication using Java 11.0.18 on AAVN-WS-380 with PID 10564 (D:\Code\YummyBites\build\classes\java\main started by dhbinh in D:\Code\YummyBites)
| 2023-08-14 17:49:41 |  INFO |  | No active profile set, falling back to 1 default profile: "default"
| 2023-08-14 17:49:49 |  INFO |  | Started YummybitesApplication in 8.736 seconds (JVM running for 9.606)
| 2023-08-14 17:49:55 |  WARN | hoabinh0911 | com.dhbinh.yummybites.bill.service.BillService:101 - File cannot be found
| 2023-08-14 17:51:29 |  INFO |  | Starting YummybitesApplication using Java 11.0.18 on AAVN-WS-380 with PID 2112 (D:\Code\YummyBites\build\classes\java\main started by dhbinh in D:\Code\YummyBites)
| 2023-08-14 17:51:29 |  INFO |  | No active profile set, falling back to 1 default profile: "default"
| 2023-08-14 17:51:36 |  INFO |  | Started YummybitesApplication in 7.345 seconds (JVM running for 8.094)
| 2023-08-14 17:51:50 |  INFO |  | Starting YummybitesApplication using Java 11.0.18 on AAVN-WS-380 with PID 22468 (D:\Code\YummyBites\build\classes\java\main started by dhbinh in D:\Code\YummyBites)
| 2023-08-14 17:51:50 |  INFO |  | No active profile set, falling back to 1 default profile: "default"
| 2023-08-14 17:51:57 |  INFO |  | Started YummybitesApplication in 7.92 seconds (JVM running for 8.689)
| 2023-08-14 17:52:22 |  INFO |  | Starting YummybitesApplication using Java 11.0.18 on AAVN-WS-380 with PID 6168 (D:\Code\YummyBites\build\classes\java\main started by dhbinh in D:\Code\YummyBites)
| 2023-08-14 17:52:22 |  INFO |  | No active profile set, falling back to 1 default profile: "default"
| 2023-08-14 17:52:33 |  INFO |  | Started YummybitesApplication in 11.708 seconds (JVM running for 12.832)
| 2023-08-14 17:52:41 |  INFO |  | Starting YummybitesApplication using Java 11.0.18 on AAVN-WS-380 with PID 20516 (D:\Code\YummyBites\build\classes\java\main started by dhbinh in D:\Code\YummyBites)
| 2023-08-14 17:52:41 |  INFO |  | No active profile set, falling back to 1 default profile: "default"
| 2023-08-14 17:52:48 |  INFO |  | Started YummybitesApplication in 7.7 seconds (JVM running for 8.467)
| 2023-08-14 17:53:23 |  WARN | hoabinh0911 | java.io.FileOutputStream:-2 - "D:\Code\YummyBites\report\daily-report\report_" + LocalDate.now() + ".xlsx" (The filename, directory name, or volume label syntax is incorrect)
| 2023-08-14 18:01:32 |  INFO |  | Starting YummybitesApplication using Java 11.0.18 on AAVN-WS-380 with PID 22408 (D:\Code\YummyBites\build\classes\java\main started by dhbinh in D:\Code\YummyBites)
| 2023-08-14 18:01:32 |  INFO |  | No active profile set, falling back to 1 default profile: "default"
| 2023-08-14 18:01:40 |  INFO |  | Started YummybitesApplication in 8.518 seconds (JVM running for 9.445)
| 2023-08-14 18:01:46 |  WARN | hoabinh0911 | java.io.FileOutputStream:-2 - "D:\Code\YummyBites\report\daily-report\report_"2023-08-14.xlsx (The filename, directory name, or volume label syntax is incorrect)
| 2023-08-14 18:02:12 |  INFO |  | Starting YummybitesApplication using Java 11.0.18 on AAVN-WS-380 with PID 11520 (D:\Code\YummyBites\build\classes\java\main started by dhbinh in D:\Code\YummyBites)
| 2023-08-14 18:02:12 |  INFO |  | No active profile set, falling back to 1 default profile: "default"
| 2023-08-14 18:02:21 |  INFO |  | Started YummybitesApplication in 9.351 seconds (JVM running for 10.121)
| 2023-08-14 18:03:42 |  INFO |  | Starting YummybitesApplication using Java 11.0.18 on AAVN-WS-380 with PID 24612 (D:\Code\YummyBites\build\classes\java\main started by dhbinh in D:\Code\YummyBites)
| 2023-08-14 18:03:42 |  INFO |  | No active profile set, falling back to 1 default profile: "default"
| 2023-08-14 18:03:50 |  INFO |  | Started YummybitesApplication in 9.206 seconds (JVM running for 9.952)
| 2023-08-14 18:17:00 |  INFO | hoabinh0911 | Create order detail[com.dhbinh.yummybites.orderdetail.service.dto.OrderDetailDTO@213f71e5, com.dhbinh.yummybites.orderdetail.service.dto.OrderDetailDTO@5c0a269b]
| 2023-08-14 18:17:00 |  INFO | hoabinh0911 | Order detail DTO com.dhbinh.yummybites.orderdetail.service.dto.OrderDetailDTO@213f71e5
| 2023-08-14 18:17:00 |  INFO | hoabinh0911 | Order detail DTO com.dhbinh.yummybites.orderdetail.service.dto.OrderDetailDTO@5c0a269b
| 2023-08-14 18:17:10 |  INFO |  | Starting YummybitesApplication using Java 11.0.18 on AAVN-WS-380 with PID 7040 (D:\Code\YummyBites\build\classes\java\main started by dhbinh in D:\Code\YummyBites)
| 2023-08-14 18:17:10 |  INFO |  | No active profile set, falling back to 1 default profile: "default"
| 2023-08-14 18:17:19 |  INFO |  | Started YummybitesApplication in 9.448 seconds (JVM running for 10.618)
| 2023-08-14 18:17:40 |  INFO | hoabinh0911 | Create order detail[com.dhbinh.yummybites.orderdetail.service.dto.OrderDetailDTO@42d0ce80, com.dhbinh.yummybites.orderdetail.service.dto.OrderDetailDTO@551e1de1]
| 2023-08-14 18:17:40 |  INFO | hoabinh0911 | Order detail DTO com.dhbinh.yummybites.orderdetail.service.dto.OrderDetailDTO@42d0ce80
| 2023-08-14 18:17:40 |  INFO | hoabinh0911 | Order detail DTO com.dhbinh.yummybites.orderdetail.service.dto.OrderDetailDTO@551e1de1
| 2023-08-14 18:18:02 |  INFO |  | Starting YummybitesApplication using Java 11.0.18 on AAVN-WS-380 with PID 18972 (D:\Code\YummyBites\build\classes\java\main started by dhbinh in D:\Code\YummyBites)
| 2023-08-14 18:18:02 |  INFO |  | No active profile set, falling back to 1 default profile: "default"
| 2023-08-14 18:18:09 |  INFO |  | Started YummybitesApplication in 7.547 seconds (JVM running for 8.533)
| 2023-08-14 18:18:24 |  INFO | bjowitt | Create order detail[com.dhbinh.yummybites.orderdetail.service.dto.OrderDetailDTO@2e34f544, com.dhbinh.yummybites.orderdetail.service.dto.OrderDetailDTO@7819d7f2]
| 2023-08-14 18:18:24 |  INFO | bjowitt | Order detail DTO com.dhbinh.yummybites.orderdetail.service.dto.OrderDetailDTO@2e34f544
| 2023-08-14 18:18:24 |  INFO | bjowitt | Order detail DTO com.dhbinh.yummybites.orderdetail.service.dto.OrderDetailDTO@7819d7f2
| 2023-08-14 18:20:04 |  INFO | bjowitt | Create order detail[com.dhbinh.yummybites.orderdetail.service.dto.OrderDetailDTO@6ebed699, com.dhbinh.yummybites.orderdetail.service.dto.OrderDetailDTO@4df3776d]
| 2023-08-14 18:20:04 |  WARN | bjowitt | com.dhbinh.yummybites.diningtable.service.DiningTableService:54 - Table is occupied
| 2023-08-14 18:20:09 |  INFO | bjowitt | Create order detail[com.dhbinh.yummybites.orderdetail.service.dto.OrderDetailDTO@4184b953, com.dhbinh.yummybites.orderdetail.service.dto.OrderDetailDTO@4ed57168]
| 2023-08-14 18:20:09 |  INFO | bjowitt | Order detail DTO com.dhbinh.yummybites.orderdetail.service.dto.OrderDetailDTO@4184b953
| 2023-08-14 18:20:09 |  INFO | bjowitt | Order detail DTO com.dhbinh.yummybites.orderdetail.service.dto.OrderDetailDTO@4ed57168
| 2023-08-14 18:21:20 |  INFO | bjowitt | Create order detail[com.dhbinh.yummybites.orderdetail.service.dto.OrderDetailDTO@6dc11269, com.dhbinh.yummybites.orderdetail.service.dto.OrderDetailDTO@5feeb0f2]
| 2023-08-14 18:21:20 |  INFO | bjowitt | Order detail DTO com.dhbinh.yummybites.orderdetail.service.dto.OrderDetailDTO@6dc11269
| 2023-08-14 18:21:20 |  INFO | bjowitt | Order detail DTO com.dhbinh.yummybites.orderdetail.service.dto.OrderDetailDTO@5feeb0f2
| 2023-08-14 18:23:08 |  INFO |  | Starting YummybitesApplication using Java 11.0.18 on AAVN-WS-380 with PID 21988 (D:\Code\YummyBites\build\classes\java\main started by dhbinh in D:\Code\YummyBites)
| 2023-08-14 18:23:08 |  INFO |  | No active profile set, falling back to 1 default profile: "default"
| 2023-08-14 18:23:16 |  INFO |  | Started YummybitesApplication in 7.837 seconds (JVM running for 8.804)
| 2023-08-14 18:23:37 |  WARN | bjowitt | com.dhbinh.yummybites.order.service.OrderService:56 - Order cannot be found
| 2023-08-14 18:24:21 |  INFO | bjowitt | Create order detail[com.dhbinh.yummybites.orderdetail.service.dto.OrderDetailDTO@b160816, com.dhbinh.yummybites.orderdetail.service.dto.OrderDetailDTO@1bcd7e52]
| 2023-08-14 18:24:21 |  INFO | bjowitt | Order detail DTO com.dhbinh.yummybites.orderdetail.service.dto.OrderDetailDTO@b160816
| 2023-08-14 18:24:21 |  INFO | bjowitt | Order detail DTO com.dhbinh.yummybites.orderdetail.service.dto.OrderDetailDTO@1bcd7e52
| 2023-08-14 18:25:05 |  INFO | bjowitt | Create order detail[com.dhbinh.yummybites.orderdetail.service.dto.OrderDetailDTO@6daca6f6, com.dhbinh.yummybites.orderdetail.service.dto.OrderDetailDTO@41c0444f]
| 2023-08-14 18:25:05 |  INFO | bjowitt | Order detail DTO com.dhbinh.yummybites.orderdetail.service.dto.OrderDetailDTO@6daca6f6
| 2023-08-14 18:25:05 |  INFO | bjowitt | Order detail DTO com.dhbinh.yummybites.orderdetail.service.dto.OrderDetailDTO@41c0444f
| 2023-08-14 18:25:15 |  INFO |  | Starting YummybitesApplication using Java 11.0.18 on AAVN-WS-380 with PID 11100 (D:\Code\YummyBites\build\classes\java\main started by dhbinh in D:\Code\YummyBites)
| 2023-08-14 18:25:15 |  INFO |  | No active profile set, falling back to 1 default profile: "default"
| 2023-08-14 18:25:23 |  INFO |  | Started YummybitesApplication in 7.89 seconds (JVM running for 8.905)
| 2023-08-14 18:26:52 |  INFO | bjowitt | Create order detail[com.dhbinh.yummybites.orderdetail.service.dto.OrderDetailDTO@d527352, com.dhbinh.yummybites.orderdetail.service.dto.OrderDetailDTO@184d9519]
| 2023-08-14 18:26:52 |  INFO | bjowitt | Order detail DTO com.dhbinh.yummybites.orderdetail.service.dto.OrderDetailDTO@d527352
| 2023-08-14 18:26:52 |  INFO | bjowitt | Order detail DTO com.dhbinh.yummybites.orderdetail.service.dto.OrderDetailDTO@184d9519
| 2023-08-14 18:27:07 |  INFO |  | Starting YummybitesApplication using Java 11.0.18 on AAVN-WS-380 with PID 10448 (D:\Code\YummyBites\build\classes\java\main started by dhbinh in D:\Code\YummyBites)
| 2023-08-14 18:27:07 |  INFO |  | No active profile set, falling back to 1 default profile: "default"
| 2023-08-14 18:27:15 |  INFO |  | Started YummybitesApplication in 7.81 seconds (JVM running for 8.847)
| 2023-08-14 18:27:24 |  INFO | bjowitt | Create order detail[com.dhbinh.yummybites.orderdetail.service.dto.OrderDetailDTO@314c81cd, com.dhbinh.yummybites.orderdetail.service.dto.OrderDetailDTO@5cfe9b05]
| 2023-08-14 18:27:24 |  INFO | bjowitt | Order detail DTO com.dhbinh.yummybites.orderdetail.service.dto.OrderDetailDTO@314c81cd
| 2023-08-14 18:27:24 |  INFO | bjowitt | Order detail DTO com.dhbinh.yummybites.orderdetail.service.dto.OrderDetailDTO@5cfe9b05
| 2023-08-14 18:27:40 |  INFO | bjowitt | Create order detail[com.dhbinh.yummybites.orderdetail.service.dto.OrderDetailDTO@6c3a2bb, com.dhbinh.yummybites.orderdetail.service.dto.OrderDetailDTO@3aaff0de]
| 2023-08-14 18:27:40 |  INFO | bjowitt | Order detail DTO com.dhbinh.yummybites.orderdetail.service.dto.OrderDetailDTO@6c3a2bb
| 2023-08-14 18:27:40 |  INFO | bjowitt | Order detail DTO com.dhbinh.yummybites.orderdetail.service.dto.OrderDetailDTO@3aaff0de
| 2023-08-14 18:27:53 |  INFO | bjowitt | Create order detail[com.dhbinh.yummybites.orderdetail.service.dto.OrderDetailDTO@4785a2d, com.dhbinh.yummybites.orderdetail.service.dto.OrderDetailDTO@2e8e5df0]
| 2023-08-14 18:27:53 |  INFO | bjowitt | Order detail DTO com.dhbinh.yummybites.orderdetail.service.dto.OrderDetailDTO@4785a2d
| 2023-08-14 18:27:53 |  INFO | bjowitt | Order detail DTO com.dhbinh.yummybites.orderdetail.service.dto.OrderDetailDTO@2e8e5df0
| 2023-08-14 18:30:33 |  INFO |  | Starting YummybitesApplication using Java 11.0.18 on AAVN-WS-380 with PID 12024 (D:\Code\YummyBites\build\classes\java\main started by dhbinh in D:\Code\YummyBites)
| 2023-08-14 18:30:33 |  INFO |  | No active profile set, falling back to 1 default profile: "default"
| 2023-08-14 18:30:41 |  INFO |  | Started YummybitesApplication in 8.417 seconds (JVM running for 9.186)
| 2023-08-14 18:31:41 |  INFO |  | Starting YummybitesApplication using Java 11.0.18 on AAVN-WS-380 with PID 21916 (D:\Code\YummyBites\build\classes\java\main started by dhbinh in D:\Code\YummyBites)
| 2023-08-14 18:31:41 |  INFO |  | No active profile set, falling back to 1 default profile: "default"
| 2023-08-14 18:31:51 |  INFO |  | Started YummybitesApplication in 9.886 seconds (JVM running for 10.649)
| 2023-08-14 18:32:47 |  INFO |  | Starting YummybitesApplication using Java 11.0.18 on AAVN-WS-380 with PID 20864 (D:\Code\YummyBites\build\classes\java\main started by dhbinh in D:\Code\YummyBites)
| 2023-08-14 18:32:47 |  INFO |  | No active profile set, falling back to 1 default profile: "default"
| 2023-08-14 18:32:54 |  INFO |  | Started YummybitesApplication in 7.529 seconds (JVM running for 8.375)
| 2023-08-14 18:33:47 |  INFO |  | Starting YummybitesApplication using Java 11.0.18 on AAVN-WS-380 with PID 308 (D:\Code\YummyBites\build\classes\java\main started by dhbinh in D:\Code\YummyBites)
| 2023-08-14 18:33:47 |  INFO |  | No active profile set, falling back to 1 default profile: "default"
| 2023-08-14 18:33:55 |  INFO |  | Started YummybitesApplication in 8.046 seconds (JVM running for 8.882)
| 2023-08-14 18:34:30 |  INFO |  | Starting YummybitesApplication using Java 11.0.18 on AAVN-WS-380 with PID 16164 (D:\Code\YummyBites\build\classes\java\main started by dhbinh in D:\Code\YummyBites)
| 2023-08-14 18:34:30 |  INFO |  | No active profile set, falling back to 1 default profile: "default"
| 2023-08-14 18:34:39 |  INFO |  | Started YummybitesApplication in 8.928 seconds (JVM running for 9.745)
| 2023-08-14 18:36:23 |  INFO |  | Starting YummybitesApplication using Java 11.0.18 on AAVN-WS-380 with PID 13660 (D:\Code\YummyBites\build\classes\java\main started by dhbinh in D:\Code\YummyBites)
| 2023-08-14 18:36:23 |  INFO |  | No active profile set, falling back to 1 default profile: "default"
| 2023-08-14 18:36:30 |  INFO |  | Started YummybitesApplication in 7.803 seconds (JVM running for 8.567)
| 2023-08-14 18:37:16 |  WARN | hoabinh0911 | java.io.FileInputStream:-2 - D:\Code\YummyBites\report\daily-report\report_2023-08-14.xlsx (The system cannot find the file specified)
| 2023-08-14 18:37:47 |  WARN | hoabinh0911 | java.io.FileInputStream:-2 - D:\Code\YummyBites\report\daily-report\report_2023-08-14.xlsx (The system cannot find the file specified)
| 2023-08-14 18:38:20 |  INFO |  | Starting YummybitesApplication using Java 11.0.18 on AAVN-WS-380 with PID 1432 (D:\Code\YummyBites\build\classes\java\main started by dhbinh in D:\Code\YummyBites)
| 2023-08-14 18:38:20 |  INFO |  | No active profile set, falling back to 1 default profile: "default"
| 2023-08-14 18:38:29 |  INFO |  | Started YummybitesApplication in 10.237 seconds (JVM running for 11.37)
| 2023-08-14 18:38:38 |  WARN | hoabinh0911 | java.io.FileInputStream:-2 - D:\Code\YummyBites\report\daily-report\report_2023-08-14.xlsx (The system cannot find the file specified)
| 2023-08-14 18:39:07 |  INFO |  | Starting YummybitesApplication using Java 11.0.18 on AAVN-WS-380 with PID 24596 (D:\Code\YummyBites\build\classes\java\main started by dhbinh in D:\Code\YummyBites)
| 2023-08-14 18:39:07 |  INFO |  | No active profile set, falling back to 1 default profile: "default"
| 2023-08-14 18:39:15 |  INFO |  | Started YummybitesApplication in 8.593 seconds (JVM running for 9.375)
| 2023-08-14 18:39:16 |  WARN | hoabinh0911 | java.io.FileInputStream:-2 - D:\Code\YummyBites\report\daily-report\report_2023-08-14.xlsx (The system cannot find the file specified)
| 2023-08-14 18:39:43 |  WARN | hoabinh0911 | java.io.FileInputStream:-2 - D:\Code\YummyBites\report\daily-report\report_2023-08-14.xlsx (The system cannot find the file specified)
| 2023-08-14 18:40:21 |  INFO |  | Starting YummybitesApplication using Java 11.0.18 on AAVN-WS-380 with PID 7976 (D:\Code\YummyBites\build\classes\java\main started by dhbinh in D:\Code\YummyBites)
| 2023-08-14 18:40:21 |  INFO |  | No active profile set, falling back to 1 default profile: "default"
| 2023-08-14 18:40:30 |  INFO |  | Started YummybitesApplication in 9.396 seconds (JVM running for 10.373)
| 2023-08-14 18:40:31 |  WARN | hoabinh0911 | com.dhbinh.yummybites.bill.service.BillService:94 - File cannot be found
| 2023-08-14 18:41:16 |  INFO |  | Starting YummybitesApplication using Java 11.0.18 on AAVN-WS-380 with PID 14788 (D:\Code\YummyBites\build\classes\java\main started by dhbinh in D:\Code\YummyBites)
| 2023-08-14 18:41:16 |  INFO |  | No active profile set, falling back to 1 default profile: "default"
| 2023-08-14 18:41:24 |  INFO |  | Started YummybitesApplication in 8.303 seconds (JVM running for 9.061)
