| 2023-08-28 10:49:40 |  INFO |  | Starting YummybitesApplication using Java 11.0.18 on AAVN-WS-380 with PID 5760 (D:\Program Files (x86)\JetBrains\IdeaProjects\YummyBites\build\classes\java\main started by dhbinh in D:\Program Files (x86)\JetBrains\IdeaProjects\YummyBites)
| 2023-08-28 10:49:41 |  INFO |  | No active profile set, falling back to 1 default profile: "default"
| 2023-08-28 10:49:58 |  INFO |  | Started YummybitesApplication in 17.704 seconds (JVM running for 18.733)
| 2023-08-28 10:53:14 |  INFO |  | Starting YummybitesApplication using Java 11.0.18 on AAVN-WS-380 with PID 15720 (D:\Program Files (x86)\JetBrains\IdeaProjects\YummyBites\build\classes\java\main started by dhbinh in D:\Program Files (x86)\JetBrains\IdeaProjects\YummyBites)
| 2023-08-28 10:53:14 |  INFO |  | No active profile set, falling back to 1 default profile: "default"
| 2023-08-28 10:53:47 |  INFO |  | Starting YummybitesApplication using Java 11.0.18 on AAVN-WS-380 with PID 10716 (D:\Program Files (x86)\JetBrains\IdeaProjects\YummyBites\build\classes\java\main started by dhbinh in D:\Program Files (x86)\JetBrains\IdeaProjects\YummyBites)
| 2023-08-28 10:53:47 |  INFO |  | No active profile set, falling back to 1 default profile: "default"
| 2023-08-28 10:54:02 |  INFO |  | Started YummybitesApplication in 16.414 seconds (JVM running for 19.847)
| 2023-08-28 11:00:46 |  INFO |  | Starting YummybitesApplication using Java 11.0.18 on AAVN-WS-380 with PID 1228 (D:\Program Files (x86)\JetBrains\IdeaProjects\YummyBites\build\classes\java\main started by dhbinh in D:\Program Files (x86)\JetBrains\IdeaProjects\YummyBites)
| 2023-08-28 11:00:46 |  INFO |  | No active profile set, falling back to 1 default profile: "default"
| 2023-08-28 11:00:55 |  INFO |  | Started YummybitesApplication in 9.433 seconds (JVM running for 10.169)
| 2023-08-28 11:01:05 | ERROR |  | JWT token is expired: JWT expired at 2023-08-24T23:54:00Z. Current time: 2023-08-28T11:01:05Z, a difference of 299225302 milliseconds.  Allowed clock skew: 0 milliseconds.
| 2023-08-28 11:01:05 | ERROR |  | Unauthorized error: Full authentication is required to access this resource
| 2023-08-28 11:17:55 |  INFO |  | Starting YummybitesApplication using Java 11.0.18 on AAVN-WS-380 with PID 1228 (D:\Program Files (x86)\JetBrains\IdeaProjects\YummyBites\build\classes\java\main started by dhbinh in D:\Program Files (x86)\JetBrains\IdeaProjects\YummyBites)
| 2023-08-28 11:17:55 |  INFO |  | No active profile set, falling back to 1 default profile: "default"
| 2023-08-28 11:18:11 |  INFO |  | Starting YummybitesApplicationTests using Java 11.0.18 on AAVN-WS-380 with PID 6572 (started by dhbinh in D:\Program Files (x86)\JetBrains\IdeaProjects\YummyBites)
| 2023-08-28 11:18:11 |  INFO |  | No active profile set, falling back to 1 default profile: "default"
| 2023-08-28 11:18:17 | ERROR |  | 

***************************
APPLICATION FAILED TO START
***************************

Description:

Field userServices in com.dhbinh.yummybites.base.authenticate.AuthControllerImpl required a bean of type 'com.dhbinh.yummybites.base.security.service.UserServiceImpl' that could not be found.

The injection point has the following annotations:
	- @org.springframework.beans.factory.annotation.Autowired(required=true)


Action:

Consider defining a bean of type 'com.dhbinh.yummybites.base.security.service.UserServiceImpl' in your configuration.

| 2023-08-28 11:18:20 |  INFO |  | Starting YummybitesApplication using Java 11.0.18 on AAVN-WS-380 with PID 1228 (D:\Program Files (x86)\JetBrains\IdeaProjects\YummyBites\build\classes\java\main started by dhbinh in D:\Program Files (x86)\JetBrains\IdeaProjects\YummyBites)
| 2023-08-28 11:18:20 |  INFO |  | No active profile set, falling back to 1 default profile: "default"
| 2023-08-28 11:18:29 |  INFO |  | Started YummybitesApplication in 10.178 seconds (JVM running for 1065.058)
| 2023-08-28 11:18:36 |  INFO |  | Started YummybitesApplicationTests in 26.126 seconds (JVM running for 32.527)
| 2023-08-28 11:18:40 |  INFO |  | create restaurant com.dhbinh.yummybites.restaurant.service.dto.RestaurantDTO@46969355
| 2023-08-28 11:18:42 | ERROR |  | HHH000478: Unsuccessful: 
    alter table order_detail 
       drop constraint FK6e1ybpryx7o2i9d3hbwgketle
| 2023-08-28 11:18:42 | ERROR |  | HHH000478: Unsuccessful: 
    alter table order_detail 
       drop constraint FKrws2q0si6oyd6il8gqe2aennc
| 2023-08-28 11:20:09 | ERROR |  | HHH000478: Unsuccessful: 
    alter table bill 
       drop constraint FKle28mnhpamru2e2o22d5u78bu
| 2023-08-28 11:20:09 | ERROR |  | HHH000478: Unsuccessful: 
    alter table bill 
       drop constraint FK29ldosu59fnyk4uf8sfu2b6at
| 2023-08-28 11:20:09 | ERROR |  | HHH000478: Unsuccessful: 
    alter table bill_detail 
       drop constraint FKeolgwyayei3o80bb7rj7t207q
| 2023-08-28 11:20:09 | ERROR |  | HHH000478: Unsuccessful: 
    alter table bill_detail 
       drop constraint FK3uswtgsec086qf6d89jeqwcxi
| 2023-08-28 11:20:09 | ERROR |  | HHH000478: Unsuccessful: 
    alter table employee 
       drop constraint FKqhdgubgqj4fjygcat8xbten3m
| 2023-08-28 11:20:09 | ERROR |  | HHH000478: Unsuccessful: 
    alter table ingredient 
       drop constraint FKbv82uvum7j1llrptajmh3cjyk
| 2023-08-28 11:20:09 | ERROR |  | HHH000478: Unsuccessful: 
    alter table menu_item 
       drop constraint FKewir7fwbqeuvrnk6c0aa2d2wu
| 2023-08-28 11:20:09 | ERROR |  | HHH000478: Unsuccessful: 
    alter table order_detail 
       drop constraint FK6e1ybpryx7o2i9d3hbwgketle
| 2023-08-28 11:20:09 | ERROR |  | HHH000478: Unsuccessful: 
    alter table order_detail 
       drop constraint FKrws2q0si6oyd6il8gqe2aennc
| 2023-08-28 11:20:09 | ERROR |  | HHH000478: Unsuccessful: 
    alter table orders 
       drop constraint FKkjadhu6ajjlser7dabcbts4gv
| 2023-08-28 11:20:09 | ERROR |  | HHH000478: Unsuccessful: 
    alter table orders 
       drop constraint FKog5v9ga2g2ukytypn4ocip6b4
| 2023-08-28 11:20:09 | ERROR |  | HHH000478: Unsuccessful: 
    alter table user_role_assignment 
       drop constraint FK8mryghb9lg5nog0156c63ybwb
| 2023-08-28 11:20:09 | ERROR |  | HHH000478: Unsuccessful: 
    alter table users 
       drop constraint FKfndbe67uw6silwqnlyudtwqmo
| 2023-08-28 11:20:09 | ERROR |  | HHH000478: Unsuccessful: 
    alter table verification_token 
       drop constraint FKewgnusulip8aqrnl8teg9yelr
| 2023-08-28 11:20:10 |  INFO |  | Starting YummybitesApplication using Java 11.0.18 on AAVN-WS-380 with PID 1228 (D:\Program Files (x86)\JetBrains\IdeaProjects\YummyBites\build\classes\java\main started by dhbinh in D:\Program Files (x86)\JetBrains\IdeaProjects\YummyBites)
| 2023-08-28 11:20:10 |  INFO |  | No active profile set, falling back to 1 default profile: "default"
| 2023-08-28 11:20:15 |  INFO |  | Started YummybitesApplication in 5.128 seconds (JVM running for 1170.265)
| 2023-08-28 11:25:10 |  INFO |  | Starting YummybitesApplication using Java 11.0.18 on AAVN-WS-380 with PID 1228 (D:\Program Files (x86)\JetBrains\IdeaProjects\YummyBites\build\classes\java\main started by dhbinh in D:\Program Files (x86)\JetBrains\IdeaProjects\YummyBites)
| 2023-08-28 11:25:10 |  INFO |  | No active profile set, falling back to 1 default profile: "default"
| 2023-08-28 11:25:15 | ERROR |  | 

***************************
APPLICATION FAILED TO START
***************************

Description:

Parameter 0 of constructor in com.dhbinh.yummybites.base.authenticate.AuthControllerImpl required a bean of type 'org.springframework.security.authentication.AuthenticationManager' that could not be found.


Action:

Consider defining a bean of type 'org.springframework.security.authentication.AuthenticationManager' in your configuration.

| 2023-08-28 13:43:19 |  INFO |  | Starting YummybitesApplication using Java 11.0.18 on AAVN-WS-380 with PID 18500 (D:\Program Files (x86)\JetBrains\IdeaProjects\YummyBites\build\classes\java\main started by dhbinh in D:\Program Files (x86)\JetBrains\IdeaProjects\YummyBites)
| 2023-08-28 13:43:19 |  INFO |  | No active profile set, falling back to 1 default profile: "default"
| 2023-08-28 13:43:36 |  INFO |  | Started YummybitesApplication in 18.173 seconds (JVM running for 20.862)
| 2023-08-28 14:17:49 |  INFO |  | Starting YummybitesApplication using Java 11.0.18 on AAVN-WS-380 with PID 18500 (D:\Program Files (x86)\JetBrains\IdeaProjects\YummyBites\build\classes\java\main started by dhbinh in D:\Program Files (x86)\JetBrains\IdeaProjects\YummyBites)
| 2023-08-28 14:17:49 |  INFO |  | No active profile set, falling back to 1 default profile: "default"
| 2023-08-28 14:17:57 |  INFO |  | Started YummybitesApplication in 8.03 seconds (JVM running for 2081.717)
| 2023-08-28 14:19:14 |  INFO |  | Starting YummybitesApplication using Java 11.0.18 on AAVN-WS-380 with PID 18500 (D:\Program Files (x86)\JetBrains\IdeaProjects\YummyBites\build\classes\java\main started by dhbinh in D:\Program Files (x86)\JetBrains\IdeaProjects\YummyBites)
| 2023-08-28 14:19:14 |  INFO |  | No active profile set, falling back to 1 default profile: "default"
| 2023-08-28 14:19:20 |  INFO |  | Started YummybitesApplication in 6.485 seconds (JVM running for 2164.669)
| 2023-08-28 14:57:00 | ERROR |  | Unexpected error occurred in scheduled task
org.hibernate.LazyInitializationException: could not initialize proxy [com.dhbinh.yummybites.supplier.entity.Supplier#1] - no Session
	at org.hibernate.proxy.AbstractLazyInitializer.initialize(AbstractLazyInitializer.java:176)
	at org.hibernate.proxy.AbstractLazyInitializer.getImplementation(AbstractLazyInitializer.java:322)
	at org.hibernate.proxy.pojo.bytebuddy.ByteBuddyInterceptor.intercept(ByteBuddyInterceptor.java:45)
	at org.hibernate.proxy.ProxyConfiguration$InterceptorDispatcher.intercept(ProxyConfiguration.java:95)
	at com.dhbinh.yummybites.supplier.entity.Supplier$HibernateProxy$30ueLock.getName(Unknown Source)
	at com.dhbinh.yummybites.bill.service.BillService.exportBillByDate(BillService.java:74)
	at java.base/jdk.internal.reflect.NativeMethodAccessorImpl.invoke0(Native Method)
	at java.base/jdk.internal.reflect.NativeMethodAccessorImpl.invoke(NativeMethodAccessorImpl.java:62)
	at java.base/jdk.internal.reflect.DelegatingMethodAccessorImpl.invoke(DelegatingMethodAccessorImpl.java:43)
	at java.base/java.lang.reflect.Method.invoke(Method.java:566)
	at org.springframework.scheduling.support.ScheduledMethodRunnable.run(ScheduledMethodRunnable.java:84)
	at org.springframework.scheduling.support.DelegatingErrorHandlingRunnable.run(DelegatingErrorHandlingRunnable.java:54)
	at org.springframework.scheduling.concurrent.ReschedulingRunnable.run(ReschedulingRunnable.java:95)
	at java.base/java.util.concurrent.Executors$RunnableAdapter.call(Executors.java:515)
	at java.base/java.util.concurrent.FutureTask.run(FutureTask.java:264)
	at java.base/java.util.concurrent.ScheduledThreadPoolExecutor$ScheduledFutureTask.run(ScheduledThreadPoolExecutor.java:304)
	at java.base/java.util.concurrent.ThreadPoolExecutor.runWorker(ThreadPoolExecutor.java:1128)
	at java.base/java.util.concurrent.ThreadPoolExecutor$Worker.run(ThreadPoolExecutor.java:628)
	at java.base/java.lang.Thread.run(Thread.java:834)
