| 2023-09-07 14:50:09 |  INFO |  | Starting RestaurantServiceApplication using Java 11.0.18 on AAVN-WS-380 with PID 16256 (D:\Program Files (x86)\JetBrains\IdeaProjects\YummyBites\restaurant-service\build\classes\java\main started by dhbinh in D:\Program Files (x86)\JetBrains\IdeaProjects\YummyBites)
| 2023-09-07 14:50:09 | DEBUG |  | Running with Spring Boot v2.7.14, Spring v5.3.29
| 2023-09-07 14:50:09 |  INFO |  | No active profile set, falling back to 1 default profile: "default"
| 2023-09-07 14:50:25 | DEBUG |  | Filter 'authenticationJwtTokenFilter' configured for use
| 2023-09-07 14:50:28 |  INFO |  | Started RestaurantServiceApplication in 20.483 seconds (JVM running for 21.801)
| 2023-09-07 14:57:01 | ERROR |  | Unexpected error occurred in scheduled task
org.hibernate.LazyInitializationException: could not initialize proxy [com.dhbinh.restaurantservice.supplier.entity.Supplier#1] - no Session
	at org.hibernate.proxy.AbstractLazyInitializer.initialize(AbstractLazyInitializer.java:176)
	at org.hibernate.proxy.AbstractLazyInitializer.getImplementation(AbstractLazyInitializer.java:322)
	at org.hibernate.proxy.pojo.bytebuddy.ByteBuddyInterceptor.intercept(ByteBuddyInterceptor.java:45)
	at org.hibernate.proxy.ProxyConfiguration$InterceptorDispatcher.intercept(ProxyConfiguration.java:95)
	at com.dhbinh.restaurantservice.supplier.entity.Supplier$HibernateProxy$JBcGJcBr.getName(Unknown Source)
	at com.dhbinh.restaurantservice.bill.service.BillService.exportBillByDate(BillService.java:82)
	at java.base/jdk.internal.reflect.NativeMethodAccessorImpl.invoke0(Native Method)
	at java.base/jdk.internal.reflect.NativeMethodAccessorImpl.invoke(NativeMethodAccessorImpl.java:62)
	at java.base/jdk.internal.reflect.DelegatingMethodAccessorImpl.invoke(DelegatingMethodAccessorImpl.java:43)
	at java.base/java.lang.reflect.Method.invoke(Method.java:566)
	at org.springframework.scheduling.support.ScheduledMethodRunnable.run(ScheduledMethodRunnable.java:84)
	at org.springframework.scheduling.support.DelegatingErrorHandlingRunnable.run(DelegatingErrorHandlingRunnable.java:54)
	at org.springframework.scheduling.concurrent.ReschedulingRunnable.run(ReschedulingRunnable.java:95)
	at java.base/java.util.concurrent.Executors$RunnableAdapter.call(Executors.java:515)
	at java.base/java.util.concurrent.FutureTask.run(FutureTask.java:264)
	at java.base/java.util.concurrent.ScheduledThreadPoolExecutor$ScheduledFutureTask.run(ScheduledThreadPoolExecutor.java:304)
	at java.base/java.util.concurrent.ThreadPoolExecutor.runWorker(ThreadPoolExecutor.java:1128)
	at java.base/java.util.concurrent.ThreadPoolExecutor$Worker.run(ThreadPoolExecutor.java:628)
	at java.base/java.lang.Thread.run(Thread.java:834)
| 2023-09-07 15:03:16 | ERROR |  | JWT token is expired: JWT expired at 2023-08-22T22:02:21Z. Current time: 2023-09-07T15:03:16Z, a difference of 1357255313 milliseconds.  Allowed clock skew: 0 milliseconds.
| 2023-09-07 15:03:40 | ERROR |  | JWT token is expired: JWT expired at 2023-09-07T02:24:03Z. Current time: 2023-09-07T15:03:40Z, a difference of 45577528 milliseconds.  Allowed clock skew: 0 milliseconds.
| 2023-09-07 15:03:40 | ERROR |  | Unauthorized error: Full authentication is required to access this resource
