| 2023-09-12 09:26:48 |  INFO |  | Starting RestaurantServiceApplication using Java 11.0.18 on AAVN-WS-380 with PID 11604 (D:\Program Files (x86)\JetBrains\IdeaProjects\YummyBites\restaurant-service\build\classes\java\main started by dhbinh in D:\Program Files (x86)\JetBrains\IdeaProjects\YummyBites)
| 2023-09-12 09:26:48 | DEBUG |  | Running with Spring Boot v2.7.14, Spring v5.3.29
| 2023-09-12 09:26:48 |  INFO |  | No active profile set, falling back to 1 default profile: "default"
| 2023-09-12 09:26:49 | ERROR |  | Application run failed
org.springframework.beans.factory.BeanDefinitionStoreException: Failed to parse configuration class [com.dhbinh.restaurantservice.RestaurantServiceApplication]; nested exception is org.springframework.context.annotation.ConflictingBeanDefinitionException: Annotation-specified bean name 'orderResource' for bean class [com.dhbinh.restaurantservice.order.service1.order.controller.OrderResource] conflicts with existing, non-compatible bean definition of same name and class [com.dhbinh.restaurantservice.order.controller.OrderResource]
	at org.springframework.context.annotation.ConfigurationClassParser.parse(ConfigurationClassParser.java:188)
	at org.springframework.context.annotation.ConfigurationClassPostProcessor.processConfigBeanDefinitions(ConfigurationClassPostProcessor.java:331)
	at org.springframework.context.annotation.ConfigurationClassPostProcessor.postProcessBeanDefinitionRegistry(ConfigurationClassPostProcessor.java:247)
	at org.springframework.context.support.PostProcessorRegistrationDelegate.invokeBeanDefinitionRegistryPostProcessors(PostProcessorRegistrationDelegate.java:311)
	at org.springframework.context.support.PostProcessorRegistrationDelegate.invokeBeanFactoryPostProcessors(PostProcessorRegistrationDelegate.java:112)
	at org.springframework.context.support.AbstractApplicationContext.invokeBeanFactoryPostProcessors(AbstractApplicationContext.java:748)
	at org.springframework.context.support.AbstractApplicationContext.refresh(AbstractApplicationContext.java:564)
	at org.springframework.boot.web.servlet.context.ServletWebServerApplicationContext.refresh(ServletWebServerApplicationContext.java:147)
	at org.springframework.boot.SpringApplication.refresh(SpringApplication.java:731)
	at org.springframework.boot.SpringApplication.refreshContext(SpringApplication.java:408)
	at org.springframework.boot.SpringApplication.run(SpringApplication.java:307)
	at org.springframework.boot.SpringApplication.run(SpringApplication.java:1303)
	at org.springframework.boot.SpringApplication.run(SpringApplication.java:1292)
	at com.dhbinh.restaurantservice.RestaurantServiceApplication.main(RestaurantServiceApplication.java:15)
	at java.base/jdk.internal.reflect.NativeMethodAccessorImpl.invoke0(Native Method)
	at java.base/jdk.internal.reflect.NativeMethodAccessorImpl.invoke(NativeMethodAccessorImpl.java:62)
	at java.base/jdk.internal.reflect.DelegatingMethodAccessorImpl.invoke(DelegatingMethodAccessorImpl.java:43)
	at java.base/java.lang.reflect.Method.invoke(Method.java:566)
	at org.springframework.boot.devtools.restart.RestartLauncher.run(RestartLauncher.java:50)
Caused by: org.springframework.context.annotation.ConflictingBeanDefinitionException: Annotation-specified bean name 'orderResource' for bean class [com.dhbinh.restaurantservice.order.service1.order.controller.OrderResource] conflicts with existing, non-compatible bean definition of same name and class [com.dhbinh.restaurantservice.order.controller.OrderResource]
	at org.springframework.context.annotation.ClassPathBeanDefinitionScanner.checkCandidate(ClassPathBeanDefinitionScanner.java:349)
	at org.springframework.context.annotation.ClassPathBeanDefinitionScanner.doScan(ClassPathBeanDefinitionScanner.java:287)
	at org.springframework.context.annotation.ComponentScanAnnotationParser.parse(ComponentScanAnnotationParser.java:128)
	at org.springframework.context.annotation.ConfigurationClassParser.doProcessConfigurationClass(ConfigurationClassParser.java:295)
	at org.springframework.context.annotation.ConfigurationClassParser.processConfigurationClass(ConfigurationClassParser.java:249)
	at org.springframework.context.annotation.ConfigurationClassParser.parse(ConfigurationClassParser.java:206)
	at org.springframework.context.annotation.ConfigurationClassParser.parse(ConfigurationClassParser.java:174)
	... 18 common frames omitted
| 2023-09-12 09:27:07 |  INFO |  | Starting RestaurantServiceApplication using Java 11.0.18 on AAVN-WS-380 with PID 19100 (D:\Program Files (x86)\JetBrains\IdeaProjects\YummyBites\restaurant-service\build\classes\java\main started by dhbinh in D:\Program Files (x86)\JetBrains\IdeaProjects\YummyBites)
| 2023-09-12 09:27:07 | DEBUG |  | Running with Spring Boot v2.7.14, Spring v5.3.29
| 2023-09-12 09:27:07 |  INFO |  | No active profile set, falling back to 1 default profile: "default"
| 2023-09-12 09:27:08 | ERROR |  | Application run failed
org.springframework.beans.factory.BeanDefinitionStoreException: Failed to parse configuration class [com.dhbinh.restaurantservice.RestaurantServiceApplication]; nested exception is org.springframework.context.annotation.ConflictingBeanDefinitionException: Annotation-specified bean name 'orderResource' for bean class [com.dhbinh.restaurantservice.order.service1.order.controller.OrderResource] conflicts with existing, non-compatible bean definition of same name and class [com.dhbinh.restaurantservice.order.controller.OrderResource]
	at org.springframework.context.annotation.ConfigurationClassParser.parse(ConfigurationClassParser.java:188)
	at org.springframework.context.annotation.ConfigurationClassPostProcessor.processConfigBeanDefinitions(ConfigurationClassPostProcessor.java:331)
	at org.springframework.context.annotation.ConfigurationClassPostProcessor.postProcessBeanDefinitionRegistry(ConfigurationClassPostProcessor.java:247)
	at org.springframework.context.support.PostProcessorRegistrationDelegate.invokeBeanDefinitionRegistryPostProcessors(PostProcessorRegistrationDelegate.java:311)
	at org.springframework.context.support.PostProcessorRegistrationDelegate.invokeBeanFactoryPostProcessors(PostProcessorRegistrationDelegate.java:112)
	at org.springframework.context.support.AbstractApplicationContext.invokeBeanFactoryPostProcessors(AbstractApplicationContext.java:748)
	at org.springframework.context.support.AbstractApplicationContext.refresh(AbstractApplicationContext.java:564)
	at org.springframework.boot.web.servlet.context.ServletWebServerApplicationContext.refresh(ServletWebServerApplicationContext.java:147)
	at org.springframework.boot.SpringApplication.refresh(SpringApplication.java:731)
	at org.springframework.boot.SpringApplication.refreshContext(SpringApplication.java:408)
	at org.springframework.boot.SpringApplication.run(SpringApplication.java:307)
	at org.springframework.boot.SpringApplication.run(SpringApplication.java:1303)
	at org.springframework.boot.SpringApplication.run(SpringApplication.java:1292)
	at com.dhbinh.restaurantservice.RestaurantServiceApplication.main(RestaurantServiceApplication.java:15)
	at java.base/jdk.internal.reflect.NativeMethodAccessorImpl.invoke0(Native Method)
	at java.base/jdk.internal.reflect.NativeMethodAccessorImpl.invoke(NativeMethodAccessorImpl.java:62)
	at java.base/jdk.internal.reflect.DelegatingMethodAccessorImpl.invoke(DelegatingMethodAccessorImpl.java:43)
	at java.base/java.lang.reflect.Method.invoke(Method.java:566)
	at org.springframework.boot.devtools.restart.RestartLauncher.run(RestartLauncher.java:50)
Caused by: org.springframework.context.annotation.ConflictingBeanDefinitionException: Annotation-specified bean name 'orderResource' for bean class [com.dhbinh.restaurantservice.order.service1.order.controller.OrderResource] conflicts with existing, non-compatible bean definition of same name and class [com.dhbinh.restaurantservice.order.controller.OrderResource]
	at org.springframework.context.annotation.ClassPathBeanDefinitionScanner.checkCandidate(ClassPathBeanDefinitionScanner.java:349)
	at org.springframework.context.annotation.ClassPathBeanDefinitionScanner.doScan(ClassPathBeanDefinitionScanner.java:287)
	at org.springframework.context.annotation.ComponentScanAnnotationParser.parse(ComponentScanAnnotationParser.java:128)
	at org.springframework.context.annotation.ConfigurationClassParser.doProcessConfigurationClass(ConfigurationClassParser.java:295)
	at org.springframework.context.annotation.ConfigurationClassParser.processConfigurationClass(ConfigurationClassParser.java:249)
	at org.springframework.context.annotation.ConfigurationClassParser.parse(ConfigurationClassParser.java:206)
	at org.springframework.context.annotation.ConfigurationClassParser.parse(ConfigurationClassParser.java:174)
	... 18 common frames omitted
| 2023-09-12 09:27:59 |  INFO |  | Starting RestaurantServiceApplication using Java 11.0.18 on AAVN-WS-380 with PID 18008 (D:\Program Files (x86)\JetBrains\IdeaProjects\YummyBites\restaurant-service\build\classes\java\main started by dhbinh in D:\Program Files (x86)\JetBrains\IdeaProjects\YummyBites)
| 2023-09-12 09:27:59 | DEBUG |  | Running with Spring Boot v2.7.14, Spring v5.3.29
| 2023-09-12 09:27:59 |  INFO |  | No active profile set, falling back to 1 default profile: "default"
| 2023-09-12 09:27:59 | ERROR |  | Application run failed
org.springframework.beans.factory.BeanDefinitionStoreException: Failed to parse configuration class [com.dhbinh.restaurantservice.RestaurantServiceApplication]; nested exception is org.springframework.context.annotation.ConflictingBeanDefinitionException: Annotation-specified bean name 'orderResource' for bean class [com.dhbinh.restaurantservice.order.service1.order.controller.OrderResource] conflicts with existing, non-compatible bean definition of same name and class [com.dhbinh.restaurantservice.order.controller.OrderResource]
	at org.springframework.context.annotation.ConfigurationClassParser.parse(ConfigurationClassParser.java:188)
	at org.springframework.context.annotation.ConfigurationClassPostProcessor.processConfigBeanDefinitions(ConfigurationClassPostProcessor.java:331)
	at org.springframework.context.annotation.ConfigurationClassPostProcessor.postProcessBeanDefinitionRegistry(ConfigurationClassPostProcessor.java:247)
	at org.springframework.context.support.PostProcessorRegistrationDelegate.invokeBeanDefinitionRegistryPostProcessors(PostProcessorRegistrationDelegate.java:311)
	at org.springframework.context.support.PostProcessorRegistrationDelegate.invokeBeanFactoryPostProcessors(PostProcessorRegistrationDelegate.java:112)
	at org.springframework.context.support.AbstractApplicationContext.invokeBeanFactoryPostProcessors(AbstractApplicationContext.java:748)
	at org.springframework.context.support.AbstractApplicationContext.refresh(AbstractApplicationContext.java:564)
	at org.springframework.boot.web.servlet.context.ServletWebServerApplicationContext.refresh(ServletWebServerApplicationContext.java:147)
	at org.springframework.boot.SpringApplication.refresh(SpringApplication.java:731)
	at org.springframework.boot.SpringApplication.refreshContext(SpringApplication.java:408)
	at org.springframework.boot.SpringApplication.run(SpringApplication.java:307)
	at org.springframework.boot.SpringApplication.run(SpringApplication.java:1303)
	at org.springframework.boot.SpringApplication.run(SpringApplication.java:1292)
	at com.dhbinh.restaurantservice.RestaurantServiceApplication.main(RestaurantServiceApplication.java:15)
	at java.base/jdk.internal.reflect.NativeMethodAccessorImpl.invoke0(Native Method)
	at java.base/jdk.internal.reflect.NativeMethodAccessorImpl.invoke(NativeMethodAccessorImpl.java:62)
	at java.base/jdk.internal.reflect.DelegatingMethodAccessorImpl.invoke(DelegatingMethodAccessorImpl.java:43)
	at java.base/java.lang.reflect.Method.invoke(Method.java:566)
	at org.springframework.boot.devtools.restart.RestartLauncher.run(RestartLauncher.java:50)
Caused by: org.springframework.context.annotation.ConflictingBeanDefinitionException: Annotation-specified bean name 'orderResource' for bean class [com.dhbinh.restaurantservice.order.service1.order.controller.OrderResource] conflicts with existing, non-compatible bean definition of same name and class [com.dhbinh.restaurantservice.order.controller.OrderResource]
	at org.springframework.context.annotation.ClassPathBeanDefinitionScanner.checkCandidate(ClassPathBeanDefinitionScanner.java:349)
	at org.springframework.context.annotation.ClassPathBeanDefinitionScanner.doScan(ClassPathBeanDefinitionScanner.java:287)
	at org.springframework.context.annotation.ComponentScanAnnotationParser.parse(ComponentScanAnnotationParser.java:128)
	at org.springframework.context.annotation.ConfigurationClassParser.doProcessConfigurationClass(ConfigurationClassParser.java:295)
	at org.springframework.context.annotation.ConfigurationClassParser.processConfigurationClass(ConfigurationClassParser.java:249)
	at org.springframework.context.annotation.ConfigurationClassParser.parse(ConfigurationClassParser.java:206)
	at org.springframework.context.annotation.ConfigurationClassParser.parse(ConfigurationClassParser.java:174)
	... 18 common frames omitted
| 2023-09-12 09:29:26 |  INFO |  | Starting RestaurantServiceApplication using Java 11.0.18 on AAVN-WS-380 with PID 1748 (D:\Program Files (x86)\JetBrains\IdeaProjects\YummyBites\restaurant-service\build\classes\java\main started by dhbinh in D:\Program Files (x86)\JetBrains\IdeaProjects\YummyBites)
| 2023-09-12 09:29:26 | DEBUG |  | Running with Spring Boot v2.7.14, Spring v5.3.29
| 2023-09-12 09:29:26 |  INFO |  | No active profile set, falling back to 1 default profile: "default"
| 2023-09-12 09:29:39 | DEBUG |  | Filter 'authenticationJwtTokenFilter' configured for use
| 2023-09-12 09:29:43 |  INFO |  | Started RestaurantServiceApplication in 17.044 seconds (JVM running for 17.89)
| 2023-09-12 09:31:46 |  INFO |  | Starting RestaurantServiceApplication using Java 11.0.18 on AAVN-WS-380 with PID 12956 (D:\Program Files (x86)\JetBrains\IdeaProjects\YummyBites\restaurant-service\build\classes\java\main started by dhbinh in D:\Program Files (x86)\JetBrains\IdeaProjects\YummyBites)
| 2023-09-12 09:31:46 | DEBUG |  | Running with Spring Boot v2.7.14, Spring v5.3.29
| 2023-09-12 09:31:46 |  INFO |  | No active profile set, falling back to 1 default profile: "default"
| 2023-09-12 09:31:55 | DEBUG |  | Filter 'authenticationJwtTokenFilter' configured for use
| 2023-09-12 09:31:57 |  INFO |  | Started RestaurantServiceApplication in 11.717 seconds (JVM running for 12.683)
| 2023-09-12 09:32:20 |  INFO |  | Starting RestaurantServiceApplication using Java 11.0.18 on AAVN-WS-380 with PID 17612 (D:\Program Files (x86)\JetBrains\IdeaProjects\YummyBites\restaurant-service\build\classes\java\main started by dhbinh in D:\Program Files (x86)\JetBrains\IdeaProjects\YummyBites)
| 2023-09-12 09:32:20 | DEBUG |  | Running with Spring Boot v2.7.14, Spring v5.3.29
| 2023-09-12 09:32:20 |  INFO |  | No active profile set, falling back to 1 default profile: "default"
| 2023-09-12 09:32:35 | DEBUG |  | Filter 'authenticationJwtTokenFilter' configured for use
| 2023-09-12 09:32:41 |  INFO |  | Started RestaurantServiceApplication in 22.111 seconds (JVM running for 22.948)
| 2023-09-12 09:33:27 | ERROR |  | JWT token is expired: JWT expired at 2023-09-08T03:03:16Z. Current time: 2023-09-12T09:33:27Z, a difference of 369011601 milliseconds.  Allowed clock skew: 0 milliseconds.
| 2023-09-12 09:33:27 | ERROR |  | Servlet.service() for servlet [dispatcherServlet] in context with path [/api] threw exception [Request processing failed; nested exception is java.lang.NullPointerException] with root cause
java.lang.NullPointerException: null
	at com.dhbinh.restaurantservice.onlineorder.service.OnlineOrderService.calculateDistance(OnlineOrderService.java:27)
	at com.dhbinh.restaurantservice.onlineorder.controller.OnlineOrderResource.calculateDistance(OnlineOrderResource.java:21)
	at java.base/jdk.internal.reflect.NativeMethodAccessorImpl.invoke0(Native Method)
	at java.base/jdk.internal.reflect.NativeMethodAccessorImpl.invoke(NativeMethodAccessorImpl.java:62)
	at java.base/jdk.internal.reflect.DelegatingMethodAccessorImpl.invoke(DelegatingMethodAccessorImpl.java:43)
	at java.base/java.lang.reflect.Method.invoke(Method.java:566)
	at org.springframework.web.method.support.InvocableHandlerMethod.doInvoke(InvocableHandlerMethod.java:205)
	at org.springframework.web.method.support.InvocableHandlerMethod.invokeForRequest(InvocableHandlerMethod.java:150)
	at org.springframework.web.servlet.mvc.method.annotation.ServletInvocableHandlerMethod.invokeAndHandle(ServletInvocableHandlerMethod.java:117)
	at org.springframework.web.servlet.mvc.method.annotation.RequestMappingHandlerAdapter.invokeHandlerMethod(RequestMappingHandlerAdapter.java:895)
	at org.springframework.web.servlet.mvc.method.annotation.RequestMappingHandlerAdapter.handleInternal(RequestMappingHandlerAdapter.java:808)
	at org.springframework.web.servlet.mvc.method.AbstractHandlerMethodAdapter.handle(AbstractHandlerMethodAdapter.java:87)
	at org.springframework.web.servlet.DispatcherServlet.doDispatch(DispatcherServlet.java:1072)
	at org.springframework.web.servlet.DispatcherServlet.doService(DispatcherServlet.java:965)
	at org.springframework.web.servlet.FrameworkServlet.processRequest(FrameworkServlet.java:1006)
	at org.springframework.web.servlet.FrameworkServlet.doGet(FrameworkServlet.java:898)
	at javax.servlet.http.HttpServlet.service(HttpServlet.java:529)
	at org.springframework.web.servlet.FrameworkServlet.service(FrameworkServlet.java:883)
	at javax.servlet.http.HttpServlet.service(HttpServlet.java:623)
	at org.apache.catalina.core.ApplicationFilterChain.internalDoFilter(ApplicationFilterChain.java:209)
	at org.apache.catalina.core.ApplicationFilterChain.doFilter(ApplicationFilterChain.java:153)
	at org.apache.tomcat.websocket.server.WsFilter.doFilter(WsFilter.java:51)
	at org.apache.catalina.core.ApplicationFilterChain.internalDoFilter(ApplicationFilterChain.java:178)
	at org.apache.catalina.core.ApplicationFilterChain.doFilter(ApplicationFilterChain.java:153)
	at org.springframework.web.filter.OncePerRequestFilter.doFilter(OncePerRequestFilter.java:111)
	at org.apache.catalina.core.ApplicationFilterChain.internalDoFilter(ApplicationFilterChain.java:178)
	at org.apache.catalina.core.ApplicationFilterChain.doFilter(ApplicationFilterChain.java:153)
	at org.springframework.security.web.FilterChainProxy$VirtualFilterChain.doFilter(FilterChainProxy.java:337)
	at org.springframework.security.web.access.intercept.FilterSecurityInterceptor.invoke(FilterSecurityInterceptor.java:115)
	at org.springframework.security.web.access.intercept.FilterSecurityInterceptor.doFilter(FilterSecurityInterceptor.java:81)
	at org.springframework.security.web.FilterChainProxy$VirtualFilterChain.doFilter(FilterChainProxy.java:346)
	at org.springframework.security.web.access.ExceptionTranslationFilter.doFilter(ExceptionTranslationFilter.java:122)
	at org.springframework.security.web.access.ExceptionTranslationFilter.doFilter(ExceptionTranslationFilter.java:116)
	at org.springframework.security.web.FilterChainProxy$VirtualFilterChain.doFilter(FilterChainProxy.java:346)
	at org.springframework.security.web.session.SessionManagementFilter.doFilter(SessionManagementFilter.java:126)
	at org.springframework.security.web.session.SessionManagementFilter.doFilter(SessionManagementFilter.java:81)
	at org.springframework.security.web.FilterChainProxy$VirtualFilterChain.doFilter(FilterChainProxy.java:346)
	at org.springframework.security.web.authentication.AnonymousAuthenticationFilter.doFilter(AnonymousAuthenticationFilter.java:109)
	at org.springframework.security.web.FilterChainProxy$VirtualFilterChain.doFilter(FilterChainProxy.java:346)
	at org.springframework.security.web.servletapi.SecurityContextHolderAwareRequestFilter.doFilter(SecurityContextHolderAwareRequestFilter.java:149)
	at org.springframework.security.web.FilterChainProxy$VirtualFilterChain.doFilter(FilterChainProxy.java:346)
	at org.springframework.security.web.savedrequest.RequestCacheAwareFilter.doFilter(RequestCacheAwareFilter.java:63)
	at org.springframework.security.web.FilterChainProxy$VirtualFilterChain.doFilter(FilterChainProxy.java:346)
	at com.dhbinh.restaurantservice.base.security.config.AuthTokenFilter.doFilterInternal(AuthTokenFilter.java:56)
	at org.springframework.web.filter.OncePerRequestFilter.doFilter(OncePerRequestFilter.java:117)
	at org.springframework.security.web.FilterChainProxy$VirtualFilterChain.doFilter(FilterChainProxy.java:346)
	at org.springframework.security.web.authentication.logout.LogoutFilter.doFilter(LogoutFilter.java:103)
	at org.springframework.security.web.authentication.logout.LogoutFilter.doFilter(LogoutFilter.java:89)
	at org.springframework.security.web.FilterChainProxy$VirtualFilterChain.doFilter(FilterChainProxy.java:346)
	at org.springframework.web.filter.CorsFilter.doFilterInternal(CorsFilter.java:91)
	at org.springframework.web.filter.OncePerRequestFilter.doFilter(OncePerRequestFilter.java:117)
	at org.springframework.security.web.FilterChainProxy$VirtualFilterChain.doFilter(FilterChainProxy.java:346)
	at org.springframework.security.web.header.HeaderWriterFilter.doHeadersAfter(HeaderWriterFilter.java:90)
	at org.springframework.security.web.header.HeaderWriterFilter.doFilterInternal(HeaderWriterFilter.java:75)
	at org.springframework.web.filter.OncePerRequestFilter.doFilter(OncePerRequestFilter.java:117)
	at org.springframework.security.web.FilterChainProxy$VirtualFilterChain.doFilter(FilterChainProxy.java:346)
	at org.springframework.security.web.context.SecurityContextPersistenceFilter.doFilter(SecurityContextPersistenceFilter.java:112)
	at org.springframework.security.web.context.SecurityContextPersistenceFilter.doFilter(SecurityContextPersistenceFilter.java:82)
	at org.springframework.security.web.FilterChainProxy$VirtualFilterChain.doFilter(FilterChainProxy.java:346)
	at org.springframework.security.web.context.request.async.WebAsyncManagerIntegrationFilter.doFilterInternal(WebAsyncManagerIntegrationFilter.java:55)
	at org.springframework.web.filter.OncePerRequestFilter.doFilter(OncePerRequestFilter.java:117)
	at org.springframework.security.web.FilterChainProxy$VirtualFilterChain.doFilter(FilterChainProxy.java:346)
	at org.springframework.security.web.session.DisableEncodeUrlFilter.doFilterInternal(DisableEncodeUrlFilter.java:42)
	at org.springframework.web.filter.OncePerRequestFilter.doFilter(OncePerRequestFilter.java:117)
	at org.springframework.security.web.FilterChainProxy$VirtualFilterChain.doFilter(FilterChainProxy.java:346)
	at org.springframework.security.web.FilterChainProxy.doFilterInternal(FilterChainProxy.java:221)
	at org.springframework.security.web.FilterChainProxy.doFilter(FilterChainProxy.java:186)
	at org.springframework.web.filter.DelegatingFilterProxy.invokeDelegate(DelegatingFilterProxy.java:354)
	at org.springframework.web.filter.DelegatingFilterProxy.doFilter(DelegatingFilterProxy.java:267)
	at org.apache.catalina.core.ApplicationFilterChain.internalDoFilter(ApplicationFilterChain.java:178)
	at org.apache.catalina.core.ApplicationFilterChain.doFilter(ApplicationFilterChain.java:153)
	at org.springframework.web.filter.RequestContextFilter.doFilterInternal(RequestContextFilter.java:100)
	at org.springframework.web.filter.OncePerRequestFilter.doFilter(OncePerRequestFilter.java:117)
	at org.apache.catalina.core.ApplicationFilterChain.internalDoFilter(ApplicationFilterChain.java:178)
	at org.apache.catalina.core.ApplicationFilterChain.doFilter(ApplicationFilterChain.java:153)
	at org.springframework.web.filter.FormContentFilter.doFilterInternal(FormContentFilter.java:93)
	at org.springframework.web.filter.OncePerRequestFilter.doFilter(OncePerRequestFilter.java:117)
	at org.apache.catalina.core.ApplicationFilterChain.internalDoFilter(ApplicationFilterChain.java:178)
	at org.apache.catalina.core.ApplicationFilterChain.doFilter(ApplicationFilterChain.java:153)
	at org.springframework.boot.actuate.metrics.web.servlet.WebMvcMetricsFilter.doFilterInternal(WebMvcMetricsFilter.java:96)
	at org.springframework.web.filter.OncePerRequestFilter.doFilter(OncePerRequestFilter.java:117)
	at org.apache.catalina.core.ApplicationFilterChain.internalDoFilter(ApplicationFilterChain.java:178)
	at org.apache.catalina.core.ApplicationFilterChain.doFilter(ApplicationFilterChain.java:153)
	at org.springframework.web.filter.CharacterEncodingFilter.doFilterInternal(CharacterEncodingFilter.java:201)
	at org.springframework.web.filter.OncePerRequestFilter.doFilter(OncePerRequestFilter.java:117)
	at org.apache.catalina.core.ApplicationFilterChain.internalDoFilter(ApplicationFilterChain.java:178)
	at org.apache.catalina.core.ApplicationFilterChain.doFilter(ApplicationFilterChain.java:153)
	at org.apache.catalina.core.StandardWrapperValve.invoke(StandardWrapperValve.java:167)
	at org.apache.catalina.core.StandardContextValve.invoke(StandardContextValve.java:90)
	at org.apache.catalina.authenticator.AuthenticatorBase.invoke(AuthenticatorBase.java:481)
	at org.apache.catalina.core.StandardHostValve.invoke(StandardHostValve.java:130)
	at org.apache.catalina.valves.ErrorReportValve.invoke(ErrorReportValve.java:93)
	at org.apache.catalina.core.StandardEngineValve.invoke(StandardEngineValve.java:74)
	at org.apache.catalina.connector.CoyoteAdapter.service(CoyoteAdapter.java:343)
	at org.apache.coyote.http11.Http11Processor.service(Http11Processor.java:390)
	at org.apache.coyote.AbstractProcessorLight.process(AbstractProcessorLight.java:63)
	at org.apache.coyote.AbstractProtocol$ConnectionHandler.process(AbstractProtocol.java:926)
	at org.apache.tomcat.util.net.NioEndpoint$SocketProcessor.doRun(NioEndpoint.java:1791)
	at org.apache.tomcat.util.net.SocketProcessorBase.run(SocketProcessorBase.java:52)
	at org.apache.tomcat.util.threads.ThreadPoolExecutor.runWorker(ThreadPoolExecutor.java:1191)
	at org.apache.tomcat.util.threads.ThreadPoolExecutor$Worker.run(ThreadPoolExecutor.java:659)
	at org.apache.tomcat.util.threads.TaskThread$WrappingRunnable.run(TaskThread.java:61)
	at java.base/java.lang.Thread.run(Thread.java:834)
| 2023-09-12 09:35:02 |  INFO |  | Starting RestaurantServiceApplication using Java 11.0.18 on AAVN-WS-380 with PID 11144 (D:\Program Files (x86)\JetBrains\IdeaProjects\YummyBites\restaurant-service\build\classes\java\main started by dhbinh in D:\Program Files (x86)\JetBrains\IdeaProjects\YummyBites)
| 2023-09-12 09:35:02 | DEBUG |  | Running with Spring Boot v2.7.14, Spring v5.3.29
| 2023-09-12 09:35:02 |  INFO |  | No active profile set, falling back to 1 default profile: "default"
| 2023-09-12 09:35:19 | DEBUG |  | Filter 'authenticationJwtTokenFilter' configured for use
| 2023-09-12 09:35:27 |  INFO |  | Started RestaurantServiceApplication in 25.389 seconds (JVM running for 26.52)
| 2023-09-12 09:35:45 |  INFO |  | Starting RestaurantServiceApplication using Java 11.0.18 on AAVN-WS-380 with PID 8804 (D:\Program Files (x86)\JetBrains\IdeaProjects\YummyBites\restaurant-service\build\classes\java\main started by dhbinh in D:\Program Files (x86)\JetBrains\IdeaProjects\YummyBites)
| 2023-09-12 09:35:45 | DEBUG |  | Running with Spring Boot v2.7.14, Spring v5.3.29
| 2023-09-12 09:35:45 |  INFO |  | No active profile set, falling back to 1 default profile: "default"
| 2023-09-12 09:36:02 | DEBUG |  | Filter 'authenticationJwtTokenFilter' configured for use
| 2023-09-12 09:36:09 |  INFO |  | Started RestaurantServiceApplication in 25.732 seconds (JVM running for 27.759)
| 2023-09-12 09:36:10 | ERROR |  | JWT token is expired: JWT expired at 2023-09-08T03:03:16Z. Current time: 2023-09-12T09:36:10Z, a difference of 369174587 milliseconds.  Allowed clock skew: 0 milliseconds.
| 2023-09-12 09:40:19 |  INFO |  | Starting RestaurantServiceApplication using Java 11.0.18 on AAVN-WS-380 with PID 21068 (D:\Program Files (x86)\JetBrains\IdeaProjects\YummyBites\restaurant-service\build\classes\java\main started by dhbinh in D:\Program Files (x86)\JetBrains\IdeaProjects\YummyBites)
| 2023-09-12 09:40:19 | DEBUG |  | Running with Spring Boot v2.7.14, Spring v5.3.29
| 2023-09-12 09:40:19 |  INFO |  | No active profile set, falling back to 1 default profile: "default"
| 2023-09-12 09:40:29 | DEBUG |  | Filter 'authenticationJwtTokenFilter' configured for use
| 2023-09-12 09:40:30 | ERROR |  | 

***************************
APPLICATION FAILED TO START
***************************

Description:

Field restTemplate in com.dhbinh.restaurantservice.onlineorder.service.OnlineOrderService required a bean of type 'org.springframework.web.client.RestTemplate' that could not be found.

The injection point has the following annotations:
	- @org.springframework.beans.factory.annotation.Autowired(required=true)


Action:

Consider defining a bean of type 'org.springframework.web.client.RestTemplate' in your configuration.

| 2023-09-12 09:40:53 |  INFO |  | Starting RestaurantServiceApplication using Java 11.0.18 on AAVN-WS-380 with PID 15796 (D:\Program Files (x86)\JetBrains\IdeaProjects\YummyBites\restaurant-service\build\classes\java\main started by dhbinh in D:\Program Files (x86)\JetBrains\IdeaProjects\YummyBites)
| 2023-09-12 09:40:53 | DEBUG |  | Running with Spring Boot v2.7.14, Spring v5.3.29
| 2023-09-12 09:40:53 |  INFO |  | No active profile set, falling back to 1 default profile: "default"
| 2023-09-12 09:41:01 | DEBUG |  | Filter 'authenticationJwtTokenFilter' configured for use
| 2023-09-12 09:41:03 | ERROR |  | 

***************************
APPLICATION FAILED TO START
***************************

Description:

Parameter 0 of constructor in com.dhbinh.restaurantservice.onlineorder.service.OnlineOrderService required a bean of type 'org.springframework.web.client.RestTemplate' that could not be found.

The injection point has the following annotations:
	- @org.springframework.beans.factory.annotation.Autowired(required=true)


Action:

Consider defining a bean of type 'org.springframework.web.client.RestTemplate' in your configuration.

| 2023-09-12 09:41:45 |  INFO |  | Starting RestaurantServiceApplication using Java 11.0.18 on AAVN-WS-380 with PID 21176 (D:\Program Files (x86)\JetBrains\IdeaProjects\YummyBites\restaurant-service\build\classes\java\main started by dhbinh in D:\Program Files (x86)\JetBrains\IdeaProjects\YummyBites)
| 2023-09-12 09:41:45 | DEBUG |  | Running with Spring Boot v2.7.14, Spring v5.3.29
| 2023-09-12 09:41:45 |  INFO |  | No active profile set, falling back to 1 default profile: "default"
| 2023-09-12 09:41:53 | DEBUG |  | Filter 'authenticationJwtTokenFilter' configured for use
| 2023-09-12 09:41:55 | ERROR |  | 

***************************
APPLICATION FAILED TO START
***************************

Description:

Field restTemplate in com.dhbinh.restaurantservice.onlineorder.service.OnlineOrderService required a bean of type 'org.springframework.web.client.RestTemplate' that could not be found.

The injection point has the following annotations:
	- @org.springframework.beans.factory.annotation.Autowired(required=true)


Action:

Consider defining a bean of type 'org.springframework.web.client.RestTemplate' in your configuration.

| 2023-09-12 09:42:10 |  INFO |  | Starting RestaurantServiceApplication using Java 11.0.18 on AAVN-WS-380 with PID 15724 (D:\Program Files (x86)\JetBrains\IdeaProjects\YummyBites\restaurant-service\build\classes\java\main started by dhbinh in D:\Program Files (x86)\JetBrains\IdeaProjects\YummyBites)
| 2023-09-12 09:42:10 | DEBUG |  | Running with Spring Boot v2.7.14, Spring v5.3.29
| 2023-09-12 09:42:10 |  INFO |  | No active profile set, falling back to 1 default profile: "default"
| 2023-09-12 09:42:19 | DEBUG |  | Filter 'authenticationJwtTokenFilter' configured for use
| 2023-09-12 09:42:21 |  INFO |  | Started RestaurantServiceApplication in 11.628 seconds (JVM running for 12.421)
| 2023-09-12 09:42:37 |  INFO |  | Starting RestaurantServiceApplication using Java 11.0.18 on AAVN-WS-380 with PID 7428 (D:\Program Files (x86)\JetBrains\IdeaProjects\YummyBites\restaurant-service\build\classes\java\main started by dhbinh in D:\Program Files (x86)\JetBrains\IdeaProjects\YummyBites)
| 2023-09-12 09:42:37 | DEBUG |  | Running with Spring Boot v2.7.14, Spring v5.3.29
| 2023-09-12 09:42:37 |  INFO |  | No active profile set, falling back to 1 default profile: "default"
| 2023-09-12 09:42:47 | DEBUG |  | Filter 'authenticationJwtTokenFilter' configured for use
| 2023-09-12 09:42:48 | ERROR |  | 

***************************
APPLICATION FAILED TO START
***************************

Description:

Field restTemplate in com.dhbinh.restaurantservice.onlineorder.service.OnlineOrderService required a bean of type 'org.springframework.web.client.RestTemplate' that could not be found.

The injection point has the following annotations:
	- @org.springframework.beans.factory.annotation.Autowired(required=true)


Action:

Consider defining a bean of type 'org.springframework.web.client.RestTemplate' in your configuration.

| 2023-09-12 09:43:14 |  INFO |  | Starting RestaurantServiceApplication using Java 11.0.18 on AAVN-WS-380 with PID 3564 (D:\Program Files (x86)\JetBrains\IdeaProjects\YummyBites\restaurant-service\build\classes\java\main started by dhbinh in D:\Program Files (x86)\JetBrains\IdeaProjects\YummyBites)
| 2023-09-12 09:43:14 | DEBUG |  | Running with Spring Boot v2.7.14, Spring v5.3.29
| 2023-09-12 09:43:14 |  INFO |  | No active profile set, falling back to 1 default profile: "default"
| 2023-09-12 09:43:23 | DEBUG |  | Filter 'authenticationJwtTokenFilter' configured for use
| 2023-09-12 09:43:24 | ERROR |  | 

***************************
APPLICATION FAILED TO START
***************************

Description:

Parameter  0 ofconstructor in com.dhbinh.restaurantservice.onlineorder.service.OnlineOrderService required a bean of type 'org.springframework.web.client.RestTemplate' that could not be found.


Action:

Consider defining a bean of type 'org.springframework.web.client.RestTemplate' in your configuration.

| 2023-09-12 09:44:45 |  INFO |  | Starting RestaurantServiceApplication using Java 11.0.18 on AAVN-WS-380 with PID 13460 (D:\Program Files (x86)\JetBrains\IdeaProjects\YummyBites\restaurant-service\build\classes\java\main started by dhbinh in D:\Program Files (x86)\JetBrains\IdeaProjects\YummyBites)
| 2023-09-12 09:44:45 | DEBUG |  | Running with Spring Boot v2.7.14, Spring v5.3.29
| 2023-09-12 09:44:45 |  INFO |  | No active profile set, falling back to 1 default profile: "default"
| 2023-09-12 09:44:55 | DEBUG |  | Filter 'authenticationJwtTokenFilter' configured for use
| 2023-09-12 09:44:57 |  INFO |  | Started RestaurantServiceApplication in 12.952 seconds (JVM running for 13.905)
| 2023-09-12 09:45:00 | ERROR |  | JWT token is expired: JWT expired at 2023-09-08T03:03:16Z. Current time: 2023-09-12T09:45:00Z, a difference of 369704055 milliseconds.  Allowed clock skew: 0 milliseconds.
| 2023-09-12 09:45:19 |  INFO |  | Starting RestaurantServiceApplication using Java 11.0.18 on AAVN-WS-380 with PID 19264 (D:\Program Files (x86)\JetBrains\IdeaProjects\YummyBites\restaurant-service\build\classes\java\main started by dhbinh in D:\Program Files (x86)\JetBrains\IdeaProjects\YummyBites)
| 2023-09-12 09:45:19 | DEBUG |  | Running with Spring Boot v2.7.14, Spring v5.3.29
| 2023-09-12 09:45:19 |  INFO |  | No active profile set, falling back to 1 default profile: "default"
| 2023-09-12 09:45:28 | DEBUG |  | Filter 'authenticationJwtTokenFilter' configured for use
| 2023-09-12 09:45:29 |  INFO |  | Started RestaurantServiceApplication in 10.517 seconds (JVM running for 11.312)
| 2023-09-12 09:45:31 | ERROR |  | JWT token is expired: JWT expired at 2023-09-08T03:03:16Z. Current time: 2023-09-12T09:45:31Z, a difference of 369735576 milliseconds.  Allowed clock skew: 0 milliseconds.
| 2023-09-12 09:46:11 |  INFO |  | Starting RestaurantServiceApplication using Java 11.0.18 on AAVN-WS-380 with PID 20580 (D:\Program Files (x86)\JetBrains\IdeaProjects\YummyBites\restaurant-service\build\classes\java\main started by dhbinh in D:\Program Files (x86)\JetBrains\IdeaProjects\YummyBites)
| 2023-09-12 09:46:11 | DEBUG |  | Running with Spring Boot v2.7.14, Spring v5.3.29
| 2023-09-12 09:46:11 |  INFO |  | No active profile set, falling back to 1 default profile: "default"
| 2023-09-12 09:46:20 | DEBUG |  | Filter 'authenticationJwtTokenFilter' configured for use
| 2023-09-12 09:46:22 |  INFO |  | Started RestaurantServiceApplication in 11.841 seconds (JVM running for 12.614)
| 2023-09-12 09:46:23 | ERROR |  | JWT token is expired: JWT expired at 2023-09-08T03:03:16Z. Current time: 2023-09-12T09:46:23Z, a difference of 369787784 milliseconds.  Allowed clock skew: 0 milliseconds.
| 2023-09-12 09:46:45 | ERROR |  | JWT token is expired: JWT expired at 2023-09-08T03:03:16Z. Current time: 2023-09-12T09:46:45Z, a difference of 369809578 milliseconds.  Allowed clock skew: 0 milliseconds.
| 2023-09-12 09:48:02 | ERROR |  | JWT token is expired: JWT expired at 2023-09-08T03:03:16Z. Current time: 2023-09-12T09:48:02Z, a difference of 369886062 milliseconds.  Allowed clock skew: 0 milliseconds.
| 2023-09-12 09:50:14 | ERROR |  | JWT token is expired: JWT expired at 2023-09-08T03:03:16Z. Current time: 2023-09-12T09:50:14Z, a difference of 370018627 milliseconds.  Allowed clock skew: 0 milliseconds.
| 2023-09-12 09:55:12 | ERROR |  | JWT token is expired: JWT expired at 2023-09-08T03:03:16Z. Current time: 2023-09-12T09:55:12Z, a difference of 370316186 milliseconds.  Allowed clock skew: 0 milliseconds.
| 2023-09-12 09:58:40 | ERROR |  | JWT token is expired: JWT expired at 2023-09-08T03:03:16Z. Current time: 2023-09-12T09:58:40Z, a difference of 370524559 milliseconds.  Allowed clock skew: 0 milliseconds.
| 2023-09-12 10:31:59 | ERROR |  | JWT token is expired: JWT expired at 2023-09-08T03:03:16Z. Current time: 2023-09-12T10:31:59Z, a difference of 372523326 milliseconds.  Allowed clock skew: 0 milliseconds.
| 2023-09-12 11:34:44 |  INFO |  | Starting RestaurantServiceApplication using Java 11.0.18 on AAVN-WS-380 with PID 7388 (D:\Program Files (x86)\JetBrains\IdeaProjects\YummyBites\restaurant-service\build\classes\java\main started by dhbinh in D:\Program Files (x86)\JetBrains\IdeaProjects\YummyBites)
| 2023-09-12 11:34:44 | DEBUG |  | Running with Spring Boot v2.7.14, Spring v5.3.29
| 2023-09-12 11:34:44 |  INFO |  | No active profile set, falling back to 1 default profile: "default"
| 2023-09-12 11:35:05 | DEBUG |  | Filter 'authenticationJwtTokenFilter' configured for use
| 2023-09-12 11:35:10 | ERROR |  | 

***************************
APPLICATION FAILED TO START
***************************

Description:

Field onlineOrderMapper in com.dhbinh.restaurantservice.onlineorder.service.OnlineOrderService required a bean of type 'com.dhbinh.restaurantservice.onlineorder.service.mapper.OnlineOrderMapper' that could not be found.

The injection point has the following annotations:
	- @org.springframework.beans.factory.annotation.Autowired(required=true)


Action:

Consider defining a bean of type 'com.dhbinh.restaurantservice.onlineorder.service.mapper.OnlineOrderMapper' in your configuration.

| 2023-09-12 11:38:20 |  INFO |  | Starting RestaurantServiceApplication using Java 11.0.18 on AAVN-WS-380 with PID 14872 (D:\Program Files (x86)\JetBrains\IdeaProjects\YummyBites\restaurant-service\build\classes\java\main started by dhbinh in D:\Program Files (x86)\JetBrains\IdeaProjects\YummyBites)
| 2023-09-12 11:38:20 | DEBUG |  | Running with Spring Boot v2.7.14, Spring v5.3.29
| 2023-09-12 11:38:20 |  INFO |  | No active profile set, falling back to 1 default profile: "default"
| 2023-09-12 11:38:32 | DEBUG |  | Filter 'authenticationJwtTokenFilter' configured for use
| 2023-09-12 11:38:33 | ERROR |  | 

***************************
APPLICATION FAILED TO START
***************************

Description:

Field onlineOrderMapper in com.dhbinh.restaurantservice.onlineorder.service.OnlineOrderService required a bean of type 'com.dhbinh.restaurantservice.onlineorder.service.mapper.OnlineOrderMapper' that could not be found.

The injection point has the following annotations:
	- @org.springframework.beans.factory.annotation.Autowired(required=true)


Action:

Consider defining a bean of type 'com.dhbinh.restaurantservice.onlineorder.service.mapper.OnlineOrderMapper' in your configuration.

| 2023-09-12 11:39:15 |  INFO |  | Starting RestaurantServiceApplication using Java 11.0.18 on AAVN-WS-380 with PID 18644 (D:\Program Files (x86)\JetBrains\IdeaProjects\YummyBites\restaurant-service\build\classes\java\main started by dhbinh in D:\Program Files (x86)\JetBrains\IdeaProjects\YummyBites)
| 2023-09-12 11:39:15 | DEBUG |  | Running with Spring Boot v2.7.14, Spring v5.3.29
| 2023-09-12 11:39:15 |  INFO |  | No active profile set, falling back to 1 default profile: "default"
| 2023-09-12 11:39:23 | DEBUG |  | Filter 'authenticationJwtTokenFilter' configured for use
| 2023-09-12 11:39:24 | ERROR |  | 

***************************
APPLICATION FAILED TO START
***************************

Description:

Field onlineOrderMapper in com.dhbinh.restaurantservice.onlineorder.service.OnlineOrderService required a bean of type 'com.dhbinh.restaurantservice.onlineorder.service.mapper.OnlineOrderMapper' that could not be found.

The injection point has the following annotations:
	- @org.springframework.beans.factory.annotation.Autowired(required=true)


Action:

Consider defining a bean of type 'com.dhbinh.restaurantservice.onlineorder.service.mapper.OnlineOrderMapper' in your configuration.

| 2023-09-12 11:40:41 |  INFO |  | Starting RestaurantServiceApplication using Java 11.0.18 on AAVN-WS-380 with PID 19844 (D:\Program Files (x86)\JetBrains\IdeaProjects\YummyBites\restaurant-service\build\classes\java\main started by dhbinh in D:\Program Files (x86)\JetBrains\IdeaProjects\YummyBites)
| 2023-09-12 11:40:41 | DEBUG |  | Running with Spring Boot v2.7.14, Spring v5.3.29
| 2023-09-12 11:40:41 |  INFO |  | No active profile set, falling back to 1 default profile: "default"
| 2023-09-12 11:40:49 | DEBUG |  | Filter 'authenticationJwtTokenFilter' configured for use
| 2023-09-12 11:40:51 |  INFO |  | Started RestaurantServiceApplication in 10.444 seconds (JVM running for 11.466)
| 2023-09-12 11:41:04 | ERROR |  | JWT token is expired: JWT expired at 2023-09-08T03:03:16Z. Current time: 2023-09-12T11:41:04Z, a difference of 376668556 milliseconds.  Allowed clock skew: 0 milliseconds.
| 2023-09-12 11:41:04 | ERROR |  | Unauthorized error: Full authentication is required to access this resource
| 2023-09-12 11:56:15 | ERROR |  | HHH000478: Unsuccessful: 
    alter table bill 
       drop constraint FKle28mnhpamru2e2o22d5u78bu
| 2023-09-12 11:56:15 | ERROR |  | HHH000478: Unsuccessful: 
    alter table bill 
       drop constraint FK29ldosu59fnyk4uf8sfu2b6at
| 2023-09-12 11:56:15 | ERROR |  | HHH000478: Unsuccessful: 
    alter table bill_detail 
       drop constraint FKeolgwyayei3o80bb7rj7t207q
| 2023-09-12 11:56:15 | ERROR |  | HHH000478: Unsuccessful: 
    alter table bill_detail 
       drop constraint FK3uswtgsec086qf6d89jeqwcxi
| 2023-09-12 11:56:15 | ERROR |  | HHH000478: Unsuccessful: 
    alter table employee 
       drop constraint FKqhdgubgqj4fjygcat8xbten3m
| 2023-09-12 11:56:15 | ERROR |  | HHH000478: Unsuccessful: 
    alter table ingredient 
       drop constraint FKbv82uvum7j1llrptajmh3cjyk
| 2023-09-12 11:56:15 | ERROR |  | HHH000478: Unsuccessful: 
    alter table menu_item 
       drop constraint FKewir7fwbqeuvrnk6c0aa2d2wu
| 2023-09-12 11:56:15 | ERROR |  | HHH000478: Unsuccessful: 
    alter table order_detail 
       drop constraint FK6e1ybpryx7o2i9d3hbwgketle
| 2023-09-12 11:56:15 | ERROR |  | HHH000478: Unsuccessful: 
    alter table order_detail 
       drop constraint FK9qsx68k35nb5raefqobonmtol
| 2023-09-12 11:56:15 | ERROR |  | HHH000478: Unsuccessful: 
    alter table order_detail 
       drop constraint FKrws2q0si6oyd6il8gqe2aennc
| 2023-09-12 11:56:15 | ERROR |  | HHH000478: Unsuccessful: 
    alter table orders 
       drop constraint FKkjadhu6ajjlser7dabcbts4gv
| 2023-09-12 11:56:15 | ERROR |  | HHH000478: Unsuccessful: 
    alter table orders 
       drop constraint FKog5v9ga2g2ukytypn4ocip6b4
| 2023-09-12 11:56:15 | ERROR |  | HHH000478: Unsuccessful: 
    alter table user_role_assignment 
       drop constraint FK8mryghb9lg5nog0156c63ybwb
| 2023-09-12 11:56:15 | ERROR |  | HHH000478: Unsuccessful: 
    alter table users 
       drop constraint FKfndbe67uw6silwqnlyudtwqmo
| 2023-09-12 11:56:15 | ERROR |  | HHH000478: Unsuccessful: 
    alter table verification_token 
       drop constraint FKewgnusulip8aqrnl8teg9yelr
| 2023-09-12 11:56:16 |  INFO |  | Starting RestaurantServiceApplication using Java 11.0.18 on AAVN-WS-380 with PID 19844 (D:\Program Files (x86)\JetBrains\IdeaProjects\YummyBites\restaurant-service\build\classes\java\main started by dhbinh in D:\Program Files (x86)\JetBrains\IdeaProjects\YummyBites)
| 2023-09-12 11:56:16 | DEBUG |  | Running with Spring Boot v2.7.14, Spring v5.3.29
| 2023-09-12 11:56:16 |  INFO |  | No active profile set, falling back to 1 default profile: "default"
| 2023-09-12 11:56:31 | DEBUG |  | Filter 'authenticationJwtTokenFilter' configured for use
| 2023-09-12 11:56:32 | ERROR |  | HHH000478: Unsuccessful: 
    alter table bill 
       drop constraint FKle28mnhpamru2e2o22d5u78bu
| 2023-09-12 11:56:32 | ERROR |  | HHH000478: Unsuccessful: 
    alter table bill 
       drop constraint FK29ldosu59fnyk4uf8sfu2b6at
| 2023-09-12 11:56:32 | ERROR |  | HHH000478: Unsuccessful: 
    alter table bill_detail 
       drop constraint FKeolgwyayei3o80bb7rj7t207q
| 2023-09-12 11:56:32 | ERROR |  | HHH000478: Unsuccessful: 
    alter table bill_detail 
       drop constraint FK3uswtgsec086qf6d89jeqwcxi
| 2023-09-12 11:56:32 | ERROR |  | HHH000478: Unsuccessful: 
    alter table employee 
       drop constraint FKqhdgubgqj4fjygcat8xbten3m
| 2023-09-12 11:56:32 | ERROR |  | HHH000478: Unsuccessful: 
    alter table ingredient 
       drop constraint FKbv82uvum7j1llrptajmh3cjyk
| 2023-09-12 11:56:32 | ERROR |  | HHH000478: Unsuccessful: 
    alter table menu_item 
       drop constraint FKewir7fwbqeuvrnk6c0aa2d2wu
| 2023-09-12 11:56:32 | ERROR |  | HHH000478: Unsuccessful: 
    alter table order_detail 
       drop constraint FK6e1ybpryx7o2i9d3hbwgketle
| 2023-09-12 11:56:32 | ERROR |  | HHH000478: Unsuccessful: 
    alter table order_detail 
       drop constraint FK9qsx68k35nb5raefqobonmtol
| 2023-09-12 11:56:32 | ERROR |  | HHH000478: Unsuccessful: 
    alter table order_detail 
       drop constraint FKrws2q0si6oyd6il8gqe2aennc
| 2023-09-12 11:56:32 | ERROR |  | HHH000478: Unsuccessful: 
    alter table orders 
       drop constraint FKkjadhu6ajjlser7dabcbts4gv
| 2023-09-12 11:56:32 | ERROR |  | HHH000478: Unsuccessful: 
    alter table orders 
       drop constraint FKog5v9ga2g2ukytypn4ocip6b4
| 2023-09-12 11:56:32 | ERROR |  | 

***************************
APPLICATION FAILED TO START
***************************

Description:

Field orderService in com.dhbinh.restaurantservice.order.controller.OrderResource required a bean of type 'com.dhbinh.restaurantservice.order.service.OrderService' that could not be found.

The injection point has the following annotations:
	- @org.springframework.beans.factory.annotation.Autowired(required=true)


Action:

Consider defining a bean of type 'com.dhbinh.restaurantservice.order.service.OrderService' in your configuration.

| 2023-09-12 11:56:33 |  INFO |  | Starting RestaurantServiceApplication using Java 11.0.18 on AAVN-WS-380 with PID 19844 (D:\Program Files (x86)\JetBrains\IdeaProjects\YummyBites\restaurant-service\build\classes\java\main started by dhbinh in D:\Program Files (x86)\JetBrains\IdeaProjects\YummyBites)
| 2023-09-12 11:56:33 | DEBUG |  | Running with Spring Boot v2.7.14, Spring v5.3.29
| 2023-09-12 11:56:33 |  INFO |  | No active profile set, falling back to 1 default profile: "default"
| 2023-09-12 11:56:41 | DEBUG |  | Filter 'authenticationJwtTokenFilter' configured for use
| 2023-09-12 11:56:42 |  INFO |  | Started RestaurantServiceApplication in 8.192 seconds (JVM running for 962.52)
| 2023-09-12 11:59:33 | ERROR |  | HHH000478: Unsuccessful: 
    alter table bill 
       drop constraint FKle28mnhpamru2e2o22d5u78bu
| 2023-09-12 11:59:33 | ERROR |  | HHH000478: Unsuccessful: 
    alter table bill 
       drop constraint FK29ldosu59fnyk4uf8sfu2b6at
| 2023-09-12 11:59:33 | ERROR |  | HHH000478: Unsuccessful: 
    alter table bill_detail 
       drop constraint FKeolgwyayei3o80bb7rj7t207q
| 2023-09-12 11:59:33 | ERROR |  | HHH000478: Unsuccessful: 
    alter table bill_detail 
       drop constraint FK3uswtgsec086qf6d89jeqwcxi
| 2023-09-12 11:59:33 | ERROR |  | HHH000478: Unsuccessful: 
    alter table employee 
       drop constraint FKqhdgubgqj4fjygcat8xbten3m
| 2023-09-12 11:59:33 | ERROR |  | HHH000478: Unsuccessful: 
    alter table ingredient 
       drop constraint FKbv82uvum7j1llrptajmh3cjyk
| 2023-09-12 11:59:33 | ERROR |  | HHH000478: Unsuccessful: 
    alter table menu_item 
       drop constraint FKewir7fwbqeuvrnk6c0aa2d2wu
| 2023-09-12 11:59:33 | ERROR |  | HHH000478: Unsuccessful: 
    alter table order_detail 
       drop constraint FK6e1ybpryx7o2i9d3hbwgketle
| 2023-09-12 11:59:33 | ERROR |  | HHH000478: Unsuccessful: 
    alter table order_detail 
       drop constraint FK9qsx68k35nb5raefqobonmtol
| 2023-09-12 11:59:33 | ERROR |  | HHH000478: Unsuccessful: 
    alter table order_detail 
       drop constraint FKrws2q0si6oyd6il8gqe2aennc
| 2023-09-12 11:59:33 | ERROR |  | HHH000478: Unsuccessful: 
    alter table orders 
       drop constraint FKkjadhu6ajjlser7dabcbts4gv
| 2023-09-12 11:59:33 | ERROR |  | HHH000478: Unsuccessful: 
    alter table orders 
       drop constraint FKog5v9ga2g2ukytypn4ocip6b4
| 2023-09-12 11:59:33 | ERROR |  | HHH000478: Unsuccessful: 
    alter table user_role_assignment 
       drop constraint FK8mryghb9lg5nog0156c63ybwb
| 2023-09-12 11:59:33 | ERROR |  | HHH000478: Unsuccessful: 
    alter table users 
       drop constraint FKfndbe67uw6silwqnlyudtwqmo
| 2023-09-12 11:59:33 | ERROR |  | HHH000478: Unsuccessful: 
    alter table verification_token 
       drop constraint FKewgnusulip8aqrnl8teg9yelr
| 2023-09-12 11:59:34 |  INFO |  | Starting RestaurantServiceApplication using Java 11.0.18 on AAVN-WS-380 with PID 19844 (D:\Program Files (x86)\JetBrains\IdeaProjects\YummyBites\restaurant-service\build\classes\java\main started by dhbinh in D:\Program Files (x86)\JetBrains\IdeaProjects\YummyBites)
| 2023-09-12 11:59:34 | DEBUG |  | Running with Spring Boot v2.7.14, Spring v5.3.29
| 2023-09-12 11:59:34 |  INFO |  | No active profile set, falling back to 1 default profile: "default"
| 2023-09-12 11:59:47 | DEBUG |  | Filter 'authenticationJwtTokenFilter' configured for use
| 2023-09-12 11:59:47 |  INFO |  | Started RestaurantServiceApplication in 13.747 seconds (JVM running for 1148.207)
| 2023-09-12 12:00:30 |  INFO |  | Starting RestaurantServiceApplication using Java 11.0.18 on AAVN-WS-380 with PID 19844 (D:\Program Files (x86)\JetBrains\IdeaProjects\YummyBites\restaurant-service\build\classes\java\main started by dhbinh in D:\Program Files (x86)\JetBrains\IdeaProjects\YummyBites)
| 2023-09-12 12:00:30 | DEBUG |  | Running with Spring Boot v2.7.14, Spring v5.3.29
| 2023-09-12 12:00:30 |  INFO |  | No active profile set, falling back to 1 default profile: "default"
| 2023-09-12 12:00:48 | DEBUG |  | Filter 'authenticationJwtTokenFilter' configured for use
| 2023-09-12 12:00:50 |  INFO |  | Started RestaurantServiceApplication in 20.073 seconds (JVM running for 1210.586)
| 2023-09-12 14:11:56 |  INFO |  | Starting RestaurantServiceApplication using Java 11.0.18 on AAVN-WS-380 with PID 616 (D:\Program Files (x86)\JetBrains\IdeaProjects\YummyBites\restaurant-service\build\classes\java\main started by dhbinh in D:\Program Files (x86)\JetBrains\IdeaProjects\YummyBites)
| 2023-09-12 14:11:56 | DEBUG |  | Running with Spring Boot v2.7.14, Spring v5.3.29
| 2023-09-12 14:11:56 |  INFO |  | No active profile set, falling back to 1 default profile: "default"
| 2023-09-12 14:12:16 | DEBUG |  | Filter 'authenticationJwtTokenFilter' configured for use
| 2023-09-12 14:12:21 |  INFO |  | Started RestaurantServiceApplication in 25.821 seconds (JVM running for 27.253)
| 2023-09-12 14:12:36 |  INFO |  | Starting RestaurantServiceApplication using Java 11.0.18 on AAVN-WS-380 with PID 17032 (D:\Program Files (x86)\JetBrains\IdeaProjects\YummyBites\restaurant-service\build\classes\java\main started by dhbinh in D:\Program Files (x86)\JetBrains\IdeaProjects\YummyBites)
| 2023-09-12 14:12:36 | DEBUG |  | Running with Spring Boot v2.7.14, Spring v5.3.29
| 2023-09-12 14:12:36 |  INFO |  | No active profile set, falling back to 1 default profile: "default"
| 2023-09-12 14:12:44 | DEBUG |  | Filter 'authenticationJwtTokenFilter' configured for use
| 2023-09-12 14:12:46 |  INFO |  | Started RestaurantServiceApplication in 10.399 seconds (JVM running for 11.561)
| 2023-09-12 14:18:56 |  INFO |  | Starting RestaurantServiceApplication using Java 11.0.18 on AAVN-WS-380 with PID 22692 (D:\Program Files (x86)\JetBrains\IdeaProjects\YummyBites\restaurant-service\build\classes\java\main started by dhbinh in D:\Program Files (x86)\JetBrains\IdeaProjects\YummyBites)
| 2023-09-12 14:18:56 | DEBUG |  | Running with Spring Boot v2.7.14, Spring v5.3.29
| 2023-09-12 14:18:56 |  INFO |  | No active profile set, falling back to 1 default profile: "default"
| 2023-09-12 14:19:12 | DEBUG |  | Filter 'authenticationJwtTokenFilter' configured for use
| 2023-09-12 14:19:18 |  INFO |  | Started RestaurantServiceApplication in 23.136 seconds (JVM running for 24.015)
| 2023-09-12 14:21:46 |  WARN | hoabinh0911 | Constraint violation: Property 'order' in com.dhbinh.restaurantservice.orderdetail.entity.OrderDetail, invalid value: null, message: Order cannot be null or blank
| 2023-09-12 14:57:00 | ERROR |  | Unexpected error occurred in scheduled task
org.hibernate.LazyInitializationException: could not initialize proxy [com.dhbinh.restaurantservice.supplier.entity.Supplier#1] - no Session
	at org.hibernate.proxy.AbstractLazyInitializer.initialize(AbstractLazyInitializer.java:176)
	at org.hibernate.proxy.AbstractLazyInitializer.getImplementation(AbstractLazyInitializer.java:322)
	at org.hibernate.proxy.pojo.bytebuddy.ByteBuddyInterceptor.intercept(ByteBuddyInterceptor.java:45)
	at org.hibernate.proxy.ProxyConfiguration$InterceptorDispatcher.intercept(ProxyConfiguration.java:95)
	at com.dhbinh.restaurantservice.supplier.entity.Supplier$HibernateProxy$E8Fe5UiT.getName(Unknown Source)
	at com.dhbinh.restaurantservice.bill.service.BillService.exportBillByDate(BillService.java:74)
	at java.base/jdk.internal.reflect.NativeMethodAccessorImpl.invoke0(Native Method)
	at java.base/jdk.internal.reflect.NativeMethodAccessorImpl.invoke(NativeMethodAccessorImpl.java:62)
	at java.base/jdk.internal.reflect.DelegatingMethodAccessorImpl.invoke(DelegatingMethodAccessorImpl.java:43)
	at java.base/java.lang.reflect.Method.invoke(Method.java:566)
	at org.springframework.scheduling.support.ScheduledMethodRunnable.run(ScheduledMethodRunnable.java:84)
	at org.springframework.scheduling.support.DelegatingErrorHandlingRunnable.run(DelegatingErrorHandlingRunnable.java:54)
	at org.springframework.scheduling.concurrent.ReschedulingRunnable.run(ReschedulingRunnable.java:95)
	at java.base/java.util.concurrent.Executors$RunnableAdapter.call(Executors.java:515)
	at java.base/java.util.concurrent.FutureTask.run(FutureTask.java:264)
	at java.base/java.util.concurrent.ScheduledThreadPoolExecutor$ScheduledFutureTask.run(ScheduledThreadPoolExecutor.java:304)
	at java.base/java.util.concurrent.ThreadPoolExecutor.runWorker(ThreadPoolExecutor.java:1128)
	at java.base/java.util.concurrent.ThreadPoolExecutor$Worker.run(ThreadPoolExecutor.java:628)
	at java.base/java.lang.Thread.run(Thread.java:834)
